
> @dtc/backend@0.0.1 dev
> medusa develop

[32minfo[39m:    redisUrl not found. A fake redis instance will be used.
[32minfo[39m:    Linting project...
[32minfo[39m:    [Watcher] Using standard dev server (restart on file change)
[32minfo[39m:    [Watcher] Watching filesystem to reload dev server on file change
[32minfo[39m:    redisUrl not found. A fake redis instance will be used.
- Creating server
[32minfo[39m:    redisUrl not found. A fake redis instance will be used.
[32minfo[39m:    Skipping instrumentation registration. No register function found.
[32minfo[39m:    redisUrl not found. A fake redis instance will be used.
[32minfo[39m:    No link to load from C:\Users\H.M\my-medusa-store\node_modules\@medusajs\draft-order\.medusa\server\src\links. skipped.
[32minfo[39m:    No link to load from C:\Users\H.M\my-medusa-store\apps\medusa-premium-recovery\.medusa\server\src\links. skipped.
[33mwarn[39m:    Local Event Bus installed. This is not recommended for production.
[32minfo[39m:    Locking module: Using "in-memory" as default.
[32minfo[39m:    No workflow to load from C:\Users\H.M\my-medusa-store\node_modules\@medusajs\draft-order\.medusa\server\src\workflows. skipped.
[32minfo[39m:    No workflow to load from C:\Users\H.M\my-medusa-store\apps\medusa-premium-recovery\.medusa\server\src\workflows. skipped.
[32minfo[39m:    No subscriber to load from C:\Users\H.M\my-medusa-store\node_modules\@medusajs\draft-order\.medusa\server\src\subscribers. skipped.
[32minfo[39m:    No subscriber to load from C:\Users\H.M\my-medusa-store\apps\medusa-premium-recovery\.medusa\server\src\subscribers. skipped.
[32minfo[39m:    No job to load from C:\Users\H.M\my-medusa-store\node_modules\@medusajs\medusa\dist\jobs. skipped.
[32minfo[39m:    No job to load from C:\Users\H.M\my-medusa-store\apps\medusa-premium-recovery\.medusa\server\src\jobs. skipped.
[32minfo[39m:    No job to load from C:\Users\H.M\my-medusa-store\node_modules\@medusajs\draft-order\.medusa\server\src\jobs. skipped.
√ Server is ready on port: 9000 – 98379ms
[32minfo[39m:    Admin URL → http://localhost:9000/app
[32mhttp[39m:    GET /admin/notifications?limit=1&offset=0&fields=created_at ← http://localhost:9000/app/premium-recovery (401) - 48.662 ms
[32mhttp[39m:    GET /admin/notifications?limit=1&offset=0&fields=created_at ← http://localhost:9000/app/premium-recovery (401) - 2.383 ms
[32mhttp[39m:    GET /app/premium-recovery ← http://localhost:9000/app/premium-recovery (200) - 209.557 ms
[32mhttp[39m:    GET /app/entry.jsx ← http://localhost:9000/app/premium-recovery (200) - 7263.773 ms
[32mhttp[39m:    GET /app/index.css ← http://localhost:9000/app/entry.jsx (200) - 13463.788 ms
[32mhttp[39m:    GET /admin/feature-flags ← http://localhost:9000/app/premium-recovery (304) - 17.700 ms
[32mhttp[39m:    GET /admin/users/me ← http://localhost:9000/app/premium-recovery (401) - 3.610 ms
[32mhttp[39m:    GET /admin/users/me ← http://localhost:9000/app/premium-recovery (401) - 1.059 ms
[32mhttp[39m:    GET /cloud/auth ← http://localhost:9000/app/login (200) - 19.129 ms
[32mhttp[39m:    POST /auth/user/emailpass ← http://localhost:9000/app/login (200) - 1421.680 ms
[32mhttp[39m:    POST /auth/session ← http://localhost:9000/app/login (200) - 25.061 ms
[32mhttp[39m:    GET /admin/users/me ← http://localhost:9000/app/premium-recovery (304) - 38.191 ms
[32mhttp[39m:    GET /admin/premium-recovery/bundles ← http://localhost:9000/app/premium-recovery (304) - 6.806 ms
[32mhttp[39m:    GET /admin/premium-recovery/restore-points ← http://localhost:9000/app/premium-recovery (304) - 21.329 ms
[32mhttp[39m:    GET /admin/notifications?limit=1&offset=0&fields=created_at ← http://localhost:9000/app/premium-recovery (304) - 162.122 ms
[32mhttp[39m:    GET /admin/orders?q=&limit=3&fields=id%2Cdisplay_id%2Cemail ← http://localhost:9000/app/premium-recovery (304) - 206.979 ms
[32mhttp[39m:    GET /admin/premium-recovery/git-changes ← http://localhost:9000/app/premium-recovery (-) - - ms
[32mhttp[39m:    GET /admin/stores ← http://localhost:9000/app/premium-recovery (304) - 326.746 ms
[32mhttp[39m:    GET /admin/products?q=&limit=3&fields=id%2Ctitle%2Cthumbnail%2C-type%2C-collection%2C-options%2C-tags%2C-images%2C-variants%2C-sales_channels ← http://localhost:9000/app/premium-recovery (304) - 171.859 ms
[32mhttp[39m:    GET /admin/product-categories?limit=3&fields=id%2Cname ← http://localhost:9000/app/premium-recovery (304) - 158.374 ms
[32mhttp[39m:    GET /admin/product-variants?q=&limit=3&fields=id%2Ctitle%2Csku%2Cproduct_id ← http://localhost:9000/app/premium-recovery (304) - 190.822 ms
[32mhttp[39m:    GET /admin/collections?q=&limit=3&fields=id%2Ctitle ← http://localhost:9000/app/premium-recovery (304) - 43.885 ms
[32mhttp[39m:    GET /admin/customers?q=&limit=3&fields=id%2Cemail%2Cfirst_name%2Clast_name ← http://localhost:9000/app/premium-recovery (304) - 62.066 ms
[32mhttp[39m:    GET /admin/customer-groups?q=&limit=3&fields=id%2Cname ← http://localhost:9000/app/premium-recovery (304) - 62.551 ms
[32mhttp[39m:    GET /admin/premium-recovery/bundles ← http://localhost:9000/app/premium-recovery (304) - 13.591 ms
[32mhttp[39m:    GET /admin/promotions?q=&limit=3&fields=id%2Ccode%2Cstatus ← http://localhost:9000/app/premium-recovery (304) - 49.886 ms
[32mhttp[39m:    GET /admin/premium-recovery/restore-points ← http://localhost:9000/app/premium-recovery (304) - 55.915 ms
[32mhttp[39m:    GET /admin/inventory-items?q=&limit=3&fields=id%2Ctitle%2Csku ← http://localhost:9000/app/premium-recovery (304) - 116.590 ms
[32mhttp[39m:    GET /admin/campaigns?q=&limit=3&fields=id%2Cname ← http://localhost:9000/app/premium-recovery (304) - 47.528 ms
[32mhttp[39m:    GET /admin/price-lists?q=&limit=3&fields=id%2Ctitle ← http://localhost:9000/app/premium-recovery (304) - 135.999 ms
[32mhttp[39m:    GET /admin/users?q=&limit=3&fields=id%2Cemail%2Cfirst_name%2Clast_name ← http://localhost:9000/app/premium-recovery (304) - 67.443 ms
[32mhttp[39m:    GET /admin/regions?q=&limit=3&fields=id%2Cname ← http://localhost:9000/app/premium-recovery (304) - 70.851 ms
[32mhttp[39m:    GET /admin/tax-regions?q=&limit=3&fields=id%2Ccountry_code%2Cprovince_code ← http://localhost:9000/app/premium-recovery (304) - 126.291 ms
[32mhttp[39m:    GET /admin/sales-channels?q=&limit=3&fields=id%2Cname ← http://localhost:9000/app/premium-recovery (304) - 43.097 ms
[32mhttp[39m:    GET /admin/product-types?q=&limit=3&fields=id%2Cvalue ← http://localhost:9000/app/premium-recovery (304) - 70.647 ms
[32mhttp[39m:    GET /admin/product-tags?q=&limit=3&fields=id%2Cvalue ← http://localhost:9000/app/premium-recovery (304) - 33.155 ms
[32mhttp[39m:    GET /admin/return-reasons?q=&limit=3&fields=id%2Clabel%2Cvalue ← http://localhost:9000/app/premium-recovery (304) - 161.231 ms
[32mhttp[39m:    GET /admin/api-keys?q=&limit=3&fields=id%2Ctitle%2Credacted&type=publishable ← http://localhost:9000/app/premium-recovery (304) - 48.572 ms
[32mhttp[39m:    GET /admin/shipping-profiles?q=&limit=3&fields=id%2Cname ← http://localhost:9000/app/premium-recovery (304) - 74.302 ms
[32mhttp[39m:    GET /admin/stock-locations?q=&limit=3&fields=id%2Cname ← http://localhost:9000/app/premium-recovery (304) - 105.924 ms
[32mhttp[39m:    GET /admin/api-keys?q=&limit=3&fields=id%2Ctitle%2Credacted&type=secret ← http://localhost:9000/app/premium-recovery (304) - 30.781 ms
[32mhttp[39m:    GET /admin/premium-recovery/git-changes ← http://localhost:9000/app/premium-recovery (200) - 1062.211 ms
[32mhttp[39m:    GET /admin/premium-recovery/status ← http://localhost:9000/app/premium-recovery (200) - 1138.126 ms
[32mhttp[39m:    GET /admin/premium-recovery/status ← http://localhost:9000/app/premium-recovery (304) - 256.514 ms
[32mhttp[39m:    GET /admin/premium-recovery/git-changes ← http://localhost:9000/app/premium-recovery (200) - 292.520 ms
[32mhttp[39m:    POST /admin/premium-recovery/restore-points ← http://localhost:9000/app/premium-recovery (201) - 102.155 ms
[32mhttp[39m:    GET /admin/premium-recovery/restore-points ← http://localhost:9000/app/premium-recovery (200) - 5.854 ms
[32mhttp[39m:    GET /app/premium-recovery ← http://localhost:9000/app/premium-recovery (200) - 14.003 ms
[32mhttp[39m:    GET /app/entry.jsx ← http://localhost:9000/app/premium-recovery (200) - 2.232 ms
[32mhttp[39m:    GET /app/index.css ← http://localhost:9000/app/entry.jsx (200) - 11.546 ms
[32mhttp[39m:    GET /admin/feature-flags ← http://localhost:9000/app/premium-recovery (304) - 2.425 ms
[32mhttp[39m:    GET /admin/users/me ← http://localhost:9000/app/premium-recovery (304) - 11.638 ms
[32mhttp[39m:    GET /admin/premium-recovery/bundles ← http://localhost:9000/app/premium-recovery (304) - 4.863 ms
[32mhttp[39m:    GET /admin/notifications?limit=1&offset=0&fields=created_at ← http://localhost:9000/app/premium-recovery (304) - 22.739 ms
[32mhttp[39m:    GET /admin/stores ← http://localhost:9000/app/premium-recovery (304) - 55.546 ms
[32mhttp[39m:    GET /admin/premium-recovery/restore-points ← http://localhost:9000/app/premium-recovery (304) - 90.229 ms
[32mhttp[39m:    GET /admin/products?q=&limit=3&fields=id%2Ctitle%2Cthumbnail%2C-type%2C-collection%2C-options%2C-tags%2C-images%2C-variants%2C-sales_channels ← http://localhost:9000/app/premium-recovery (304) - 124.332 ms
[32mhttp[39m:    GET /admin/orders?q=&limit=3&fields=id%2Cdisplay_id%2Cemail ← http://localhost:9000/app/premium-recovery (304) - 165.522 ms
[32mhttp[39m:    GET /admin/product-variants?q=&limit=3&fields=id%2Ctitle%2Csku%2Cproduct_id ← http://localhost:9000/app/premium-recovery (304) - 141.709 ms
[32mhttp[39m:    GET /admin/product-categories?limit=3&fields=id%2Cname ← http://localhost:9000/app/premium-recovery (304) - 32.413 ms
[32mhttp[39m:    GET /admin/collections?q=&limit=3&fields=id%2Ctitle ← http://localhost:9000/app/premium-recovery (304) - 32.290 ms
[32mhttp[39m:    GET /admin/customers?q=&limit=3&fields=id%2Cemail%2Cfirst_name%2Clast_name ← http://localhost:9000/app/premium-recovery (304) - 30.326 ms
[32mhttp[39m:    GET /admin/customer-groups?q=&limit=3&fields=id%2Cname ← http://localhost:9000/app/premium-recovery (304) - 29.094 ms
[32mhttp[39m:    GET /admin/inventory-items?q=&limit=3&fields=id%2Ctitle%2Csku ← http://localhost:9000/app/premium-recovery (304) - 81.532 ms
[32mhttp[39m:    GET /admin/promotions?q=&limit=3&fields=id%2Ccode%2Cstatus ← http://localhost:9000/app/premium-recovery (304) - 84.274 ms
[32mhttp[39m:    GET /admin/campaigns?q=&limit=3&fields=id%2Cname ← http://localhost:9000/app/premium-recovery (304) - 41.888 ms
[32mhttp[39m:    GET /admin/price-lists?q=&limit=3&fields=id%2Ctitle ← http://localhost:9000/app/premium-recovery (304) - 53.277 ms
[32mhttp[39m:    GET /admin/premium-recovery/git-changes ← http://localhost:9000/app/premium-recovery (-) - - ms
[32mhttp[39m:    GET /admin/users?q=&limit=3&fields=id%2Cemail%2Cfirst_name%2Clast_name ← http://localhost:9000/app/premium-recovery (304) - 62.889 ms
[32mhttp[39m:    GET /admin/regions?q=&limit=3&fields=id%2Cname ← http://localhost:9000/app/premium-recovery (304) - 71.687 ms
[32mhttp[39m:    GET /admin/return-reasons?q=&limit=3&fields=id%2Clabel%2Cvalue ← http://localhost:9000/app/premium-recovery (304) - 83.232 ms
[32mhttp[39m:    GET /admin/tax-regions?q=&limit=3&fields=id%2Ccountry_code%2Cprovince_code ← http://localhost:9000/app/premium-recovery (304) - 129.763 ms
[32mhttp[39m:    GET /admin/sales-channels?q=&limit=3&fields=id%2Cname ← http://localhost:9000/app/premium-recovery (304) - 127.962 ms
[32mhttp[39m:    GET /admin/product-types?q=&limit=3&fields=id%2Cvalue ← http://localhost:9000/app/premium-recovery (304) - 74.930 ms
[32mhttp[39m:    GET /admin/product-tags?q=&limit=3&fields=id%2Cvalue ← http://localhost:9000/app/premium-recovery (304) - 23.212 ms
[32mhttp[39m:    GET /admin/stock-locations?q=&limit=3&fields=id%2Cname ← http://localhost:9000/app/premium-recovery (304) - 59.343 ms
[32mhttp[39m:    GET /admin/shipping-profiles?q=&limit=3&fields=id%2Cname ← http://localhost:9000/app/premium-recovery (304) - 43.919 ms
[32mhttp[39m:    GET /admin/api-keys?q=&limit=3&fields=id%2Ctitle%2Credacted&type=publishable ← http://localhost:9000/app/premium-recovery (304) - 60.896 ms
[32mhttp[39m:    GET /admin/premium-recovery/bundles ← http://localhost:9000/app/premium-recovery (304) - 3.875 ms
[32mhttp[39m:    GET /admin/api-keys?q=&limit=3&fields=id%2Ctitle%2Credacted&type=secret ← http://localhost:9000/app/premium-recovery (304) - 30.993 ms
[32mhttp[39m:    GET /admin/premium-recovery/restore-points ← http://localhost:9000/app/premium-recovery (304) - 18.364 ms
[32mhttp[39m:    GET /admin/premium-recovery/git-changes ← http://localhost:9000/app/premium-recovery (200) - 902.115 ms
[32mhttp[39m:    GET /admin/premium-recovery/status ← http://localhost:9000/app/premium-recovery (304) - 921.029 ms
[32mhttp[39m:    GET /admin/premium-recovery/status ← http://localhost:9000/app/premium-recovery (304) - 227.489 ms
[32mhttp[39m:    GET /admin/premium-recovery/git-changes ← http://localhost:9000/app/premium-recovery (304) - 258.556 ms
[32mhttp[39m:    POST /admin/premium-recovery/restore-points ← http://localhost:9000/app/premium-recovery (201) - 239.043 ms
[32mhttp[39m:    GET /admin/premium-recovery/restore-points ← http://localhost:9000/app/premium-recovery (200) - 7.585 ms
[32mhttp[39m:    GET /app/premium-recovery ← http://localhost:9000/app/premium-recovery (200) - 6.411 ms
[32mhttp[39m:    GET /app/entry.jsx ← http://localhost:9000/app/premium-recovery (200) - 2.886 ms
[32mhttp[39m:    GET /app/index.css ← http://localhost:9000/app/entry.jsx (200) - 56.092 ms
[32mhttp[39m:    GET /admin/feature-flags ← http://localhost:9000/app/premium-recovery (304) - 2.310 ms
[32mhttp[39m:    GET /admin/users/me ← http://localhost:9000/app/premium-recovery (304) - 12.534 ms
[32mhttp[39m:    GET /admin/premium-recovery/bundles ← http://localhost:9000/app/premium-recovery (304) - 7.633 ms
[32mhttp[39m:    GET /admin/premium-recovery/restore-points ← http://localhost:9000/app/premium-recovery (304) - 68.040 ms
[32mhttp[39m:    GET /admin/notifications?limit=1&offset=0&fields=created_at ← http://localhost:9000/app/premium-recovery (304) - 29.061 ms
[32mhttp[39m:    GET /admin/stores ← http://localhost:9000/app/premium-recovery (304) - 66.347 ms
[32mhttp[39m:    GET /admin/products?q=&limit=3&fields=id%2Ctitle%2Cthumbnail%2C-type%2C-collection%2C-options%2C-tags%2C-images%2C-variants%2C-sales_channels ← http://localhost:9000/app/premium-recovery (304) - 99.731 ms
[32mhttp[39m:    GET /admin/product-variants?q=&limit=3&fields=id%2Ctitle%2Csku%2Cproduct_id ← http://localhost:9000/app/premium-recovery (304) - 91.098 ms
[32mhttp[39m:    GET /admin/product-categories?limit=3&fields=id%2Cname ← http://localhost:9000/app/premium-recovery (304) - 83.731 ms
[32mhttp[39m:    GET /admin/collections?q=&limit=3&fields=id%2Ctitle ← http://localhost:9000/app/premium-recovery (304) - 17.161 ms
[32mhttp[39m:    GET /admin/customers?q=&limit=3&fields=id%2Cemail%2Cfirst_name%2Clast_name ← http://localhost:9000/app/premium-recovery (304) - 18.213 ms
[32mhttp[39m:    GET /admin/customer-groups?q=&limit=3&fields=id%2Cname ← http://localhost:9000/app/premium-recovery (304) - 15.979 ms
[32mhttp[39m:    GET /admin/inventory-items?q=&limit=3&fields=id%2Ctitle%2Csku ← http://localhost:9000/app/premium-recovery (304) - 22.252 ms
[32mhttp[39m:    GET /admin/promotions?q=&limit=3&fields=id%2Ccode%2Cstatus ← http://localhost:9000/app/premium-recovery (304) - 22.491 ms
[32mhttp[39m:    GET /admin/campaigns?q=&limit=3&fields=id%2Cname ← http://localhost:9000/app/premium-recovery (304) - 11.068 ms
[32mhttp[39m:    GET /admin/price-lists?q=&limit=3&fields=id%2Ctitle ← http://localhost:9000/app/premium-recovery (304) - 75.024 ms
[32mhttp[39m:    GET /admin/users?q=&limit=3&fields=id%2Cemail%2Cfirst_name%2Clast_name ← http://localhost:9000/app/premium-recovery (304) - 78.093 ms
[32mhttp[39m:    GET /admin/premium-recovery/git-changes ← http://localhost:9000/app/premium-recovery (-) - - ms
[32mhttp[39m:    GET /admin/orders?q=&limit=3&fields=id%2Cdisplay_id%2Cemail ← http://localhost:9000/app/premium-recovery (304) - 382.828 ms
[32mhttp[39m:    GET /admin/tax-regions?q=&limit=3&fields=id%2Ccountry_code%2Cprovince_code ← http://localhost:9000/app/premium-recovery (304) - 50.875 ms
[32mhttp[39m:    GET /admin/regions?q=&limit=3&fields=id%2Cname ← http://localhost:9000/app/premium-recovery (304) - 69.043 ms
[32mhttp[39m:    GET /admin/return-reasons?q=&limit=3&fields=id%2Clabel%2Cvalue ← http://localhost:9000/app/premium-recovery (304) - 49.670 ms
[32mhttp[39m:    GET /admin/sales-channels?q=&limit=3&fields=id%2Cname ← http://localhost:9000/app/premium-recovery (304) - 44.475 ms
[32mhttp[39m:    GET /admin/product-types?q=&limit=3&fields=id%2Cvalue ← http://localhost:9000/app/premium-recovery (304) - 44.887 ms
[32mhttp[39m:    GET /admin/product-tags?q=&limit=3&fields=id%2Cvalue ← http://localhost:9000/app/premium-recovery (304) - 40.505 ms
[32mhttp[39m:    GET /admin/stock-locations?q=&limit=3&fields=id%2Cname ← http://localhost:9000/app/premium-recovery (304) - 39.551 ms
[32mhttp[39m:    GET /admin/shipping-profiles?q=&limit=3&fields=id%2Cname ← http://localhost:9000/app/premium-recovery (304) - 36.184 ms
[32mhttp[39m:    GET /admin/premium-recovery/bundles ← http://localhost:9000/app/premium-recovery (304) - 15.183 ms
[32mhttp[39m:    GET /admin/api-keys?q=&limit=3&fields=id%2Ctitle%2Credacted&type=publishable ← http://localhost:9000/app/premium-recovery (304) - 78.197 ms
[32mhttp[39m:    GET /admin/api-keys?q=&limit=3&fields=id%2Ctitle%2Credacted&type=secret ← http://localhost:9000/app/premium-recovery (304) - 55.020 ms
[32mhttp[39m:    GET /admin/premium-recovery/restore-points ← http://localhost:9000/app/premium-recovery (304) - 38.711 ms
[32mhttp[39m:    GET /admin/premium-recovery/status ← http://localhost:9000/app/premium-recovery (304) - 929.911 ms
[32mhttp[39m:    GET /admin/premium-recovery/git-changes ← http://localhost:9000/app/premium-recovery (200) - 960.068 ms
[32mhttp[39m:    GET /admin/premium-recovery/status ← http://localhost:9000/app/premium-recovery (304) - 226.681 ms
[32mhttp[39m:    GET /admin/notifications?limit=1&offset=0&fields=created_at ← http://localhost:9000/app/premium-recovery (304) - 22.777 ms
[32mhttp[39m:    GET /admin/notifications?limit=1&offset=0&fields=created_at ← http://localhost:9000/app/premium-recovery (304) - 18.314 ms
[32mhttp[39m:    GET /admin/notifications?limit=1&offset=0&fields=created_at ← http://localhost:9000/app/premium-recovery (304) - 16.591 ms
[32mhttp[39m:    GET /admin/notifications?limit=1&offset=0&fields=created_at ← http://localhost:9000/app/premium-recovery (304) - 18.480 ms
[32mhttp[39m:    GET /admin/notifications?limit=1&offset=0&fields=created_at ← http://localhost:9000/app/premium-recovery (304) - 9.056 ms
[32mhttp[39m:    GET /app/premium-recovery ← http://localhost:9000/app/premium-recovery (200) - 11.652 ms
[32mhttp[39m:    GET /app/entry.jsx ← http://localhost:9000/app/premium-recovery (200) - 5.570 ms
[32mhttp[39m:    GET /app/index.css ← http://localhost:9000/app/entry.jsx (200) - 69.354 ms
[32mhttp[39m:    GET /admin/feature-flags ← http://localhost:9000/app/premium-recovery (304) - 1.314 ms
[32mhttp[39m:    GET /admin/users/me ← http://localhost:9000/app/premium-recovery (304) - 11.957 ms
[32mhttp[39m:    GET /admin/premium-recovery/bundles ← http://localhost:9000/app/premium-recovery (304) - 6.694 ms
[32mhttp[39m:    GET /admin/notifications?limit=1&offset=0&fields=created_at ← http://localhost:9000/app/premium-recovery (304) - 16.127 ms
[32mhttp[39m:    GET /admin/premium-recovery/restore-points ← http://localhost:9000/app/premium-recovery (304) - 62.166 ms
[32mhttp[39m:    GET /admin/stores ← http://localhost:9000/app/premium-recovery (304) - 49.524 ms
[32mhttp[39m:    GET /admin/orders?q=&limit=3&fields=id%2Cdisplay_id%2Cemail ← http://localhost:9000/app/premium-recovery (304) - 95.282 ms
[32mhttp[39m:    GET /admin/products?q=&limit=3&fields=id%2Ctitle%2Cthumbnail%2C-type%2C-collection%2C-options%2C-tags%2C-images%2C-variants%2C-sales_channels ← http://localhost:9000/app/premium-recovery (304) - 97.795 ms
[32mhttp[39m:    GET /admin/product-variants?q=&limit=3&fields=id%2Ctitle%2Csku%2Cproduct_id ← http://localhost:9000/app/premium-recovery (304) - 45.925 ms
[32mhttp[39m:    GET /admin/product-categories?limit=3&fields=id%2Cname ← http://localhost:9000/app/premium-recovery (304) - 85.126 ms
[32mhttp[39m:    GET /admin/collections?q=&limit=3&fields=id%2Ctitle ← http://localhost:9000/app/premium-recovery (304) - 94.157 ms
[32mhttp[39m:    GET /admin/premium-recovery/git-changes ← http://localhost:9000/app/premium-recovery (-) - - ms
[32mhttp[39m:    GET /admin/customers?q=&limit=3&fields=id%2Cemail%2Cfirst_name%2Clast_name ← http://localhost:9000/app/premium-recovery (304) - 75.326 ms
[32mhttp[39m:    GET /admin/inventory-items?q=&limit=3&fields=id%2Ctitle%2Csku ← http://localhost:9000/app/premium-recovery (304) - 63.179 ms
[32mhttp[39m:    GET /admin/customer-groups?q=&limit=3&fields=id%2Cname ← http://localhost:9000/app/premium-recovery (304) - 65.134 ms
[32mhttp[39m:    GET /admin/promotions?q=&limit=3&fields=id%2Ccode%2Cstatus ← http://localhost:9000/app/premium-recovery (304) - 63.717 ms
[32mhttp[39m:    GET /admin/campaigns?q=&limit=3&fields=id%2Cname ← http://localhost:9000/app/premium-recovery (304) - 55.790 ms
[32mhttp[39m:    GET /admin/price-lists?q=&limit=3&fields=id%2Ctitle ← http://localhost:9000/app/premium-recovery (304) - 26.974 ms
[32mhttp[39m:    GET /admin/users?q=&limit=3&fields=id%2Cemail%2Cfirst_name%2Clast_name ← http://localhost:9000/app/premium-recovery (304) - 35.569 ms
[32mhttp[39m:    GET /admin/regions?q=&limit=3&fields=id%2Cname ← http://localhost:9000/app/premium-recovery (304) - 24.551 ms
[32mhttp[39m:    GET /admin/tax-regions?q=&limit=3&fields=id%2Ccountry_code%2Cprovince_code ← http://localhost:9000/app/premium-recovery (304) - 39.812 ms
[32mhttp[39m:    GET /admin/return-reasons?q=&limit=3&fields=id%2Clabel%2Cvalue ← http://localhost:9000/app/premium-recovery (304) - 57.541 ms
[32mhttp[39m:    GET /admin/sales-channels?q=&limit=3&fields=id%2Cname ← http://localhost:9000/app/premium-recovery (304) - 31.060 ms
[32mhttp[39m:    GET /admin/product-types?q=&limit=3&fields=id%2Cvalue ← http://localhost:9000/app/premium-recovery (304) - 40.742 ms
[32mhttp[39m:    GET /admin/product-tags?q=&limit=3&fields=id%2Cvalue ← http://localhost:9000/app/premium-recovery (304) - 31.629 ms
[32mhttp[39m:    GET /admin/stock-locations?q=&limit=3&fields=id%2Cname ← http://localhost:9000/app/premium-recovery (304) - 36.278 ms
[32mhttp[39m:    GET /admin/shipping-profiles?q=&limit=3&fields=id%2Cname ← http://localhost:9000/app/premium-recovery (304) - 46.000 ms
[32mhttp[39m:    GET /admin/premium-recovery/bundles ← http://localhost:9000/app/premium-recovery (304) - 8.969 ms
[32mhttp[39m:    GET /admin/api-keys?q=&limit=3&fields=id%2Ctitle%2Credacted&type=publishable ← http://localhost:9000/app/premium-recovery (304) - 45.277 ms
[32mhttp[39m:    GET /admin/api-keys?q=&limit=3&fields=id%2Ctitle%2Credacted&type=secret ← http://localhost:9000/app/premium-recovery (304) - 34.009 ms
[32mhttp[39m:    GET /admin/premium-recovery/restore-points ← http://localhost:9000/app/premium-recovery (304) - 58.330 ms
[32mhttp[39m:    GET /admin/premium-recovery/status ← http://localhost:9000/app/premium-recovery (304) - 823.335 ms
[32mhttp[39m:    GET /admin/premium-recovery/git-changes ← http://localhost:9000/app/premium-recovery (200) - 866.451 ms
[32mhttp[39m:    GET /admin/premium-recovery/status ← http://localhost:9000/app/premium-recovery (304) - 236.630 ms
[32mhttp[39m:    GET /app ← - (200) - 14.339 ms
[32mhttp[39m:    GET /app/entry.jsx ← http://localhost:9000/app (304) - 1.088 ms
[32mhttp[39m:    GET /app/index.css ← http://localhost:9000/app/entry.jsx (304) - 2.296 ms
[32mhttp[39m:    GET /admin/feature-flags ← http://localhost:9000/app (304) - 1.827 ms
[32mhttp[39m:    GET /admin/users/me ← http://localhost:9000/app (304) - 10.717 ms
[32mhttp[39m:    GET /admin/notifications?limit=1&offset=0&fields=created_at ← http://localhost:9000/app (304) - 50.192 ms
[32mhttp[39m:    GET /admin/products?q=&limit=3&fields=id%2Ctitle%2Cthumbnail%2C-type%2C-collection%2C-options%2C-tags%2C-images%2C-variants%2C-sales_channels ← http://localhost:9000/app (304) - 117.954 ms
[32mhttp[39m:    GET /admin/product-variants?q=&limit=3&fields=id%2Ctitle%2Csku%2Cproduct_id ← http://localhost:9000/app (304) - 117.866 ms
[32mhttp[39m:    GET /admin/orders?q=&limit=3&fields=id%2Cdisplay_id%2Cemail ← http://localhost:9000/app (304) - 123.279 ms
[32mhttp[39m:    GET /admin/stores ← http://localhost:9000/app (304) - 136.993 ms
[32mhttp[39m:    GET /admin/product-categories?limit=3&fields=id%2Cname ← http://localhost:9000/app (304) - 71.869 ms
[32mhttp[39m:    GET /admin/collections?q=&limit=3&fields=id%2Ctitle ← http://localhost:9000/app (304) - 72.604 ms
[32mhttp[39m:    GET /admin/customers?q=&limit=3&fields=id%2Cemail%2Cfirst_name%2Clast_name ← http://localhost:9000/app (304) - 75.038 ms
[32mhttp[39m:    GET /admin/customer-groups?q=&limit=3&fields=id%2Cname ← http://localhost:9000/app (304) - 93.504 ms
[32mhttp[39m:    GET /admin/inventory-items?q=&limit=3&fields=id%2Ctitle%2Csku ← http://localhost:9000/app (304) - 91.004 ms
[32mhttp[39m:    GET /admin/campaigns?q=&limit=3&fields=id%2Cname ← http://localhost:9000/app (304) - 43.207 ms
[32mhttp[39m:    GET /admin/promotions?q=&limit=3&fields=id%2Ccode%2Cstatus ← http://localhost:9000/app (304) - 47.631 ms
[32mhttp[39m:    GET /admin/price-lists?q=&limit=3&fields=id%2Ctitle ← http://localhost:9000/app (304) - 46.548 ms
[32mhttp[39m:    GET /admin/users?q=&limit=3&fields=id%2Cemail%2Cfirst_name%2Clast_name ← http://localhost:9000/app (304) - 66.941 ms
[32mhttp[39m:    GET /admin/regions?q=&limit=3&fields=id%2Cname ← http://localhost:9000/app (304) - 30.899 ms
[32mhttp[39m:    GET /admin/tax-regions?q=&limit=3&fields=id%2Ccountry_code%2Cprovince_code ← http://localhost:9000/app (304) - 55.433 ms
[32mhttp[39m:    GET /admin/return-reasons?q=&limit=3&fields=id%2Clabel%2Cvalue ← http://localhost:9000/app (304) - 27.295 ms
[32mhttp[39m:    GET /admin/sales-channels?q=&limit=3&fields=id%2Cname ← http://localhost:9000/app (304) - 27.247 ms
[32mhttp[39m:    GET /admin/product-types?q=&limit=3&fields=id%2Cvalue ← http://localhost:9000/app (304) - 44.917 ms
[32mhttp[39m:    GET /admin/product-tags?q=&limit=3&fields=id%2Cvalue ← http://localhost:9000/app (304) - 23.118 ms
[32mhttp[39m:    GET /admin/stock-locations?q=&limit=3&fields=id%2Cname ← http://localhost:9000/app (304) - 44.238 ms
[32mhttp[39m:    GET /admin/shipping-profiles?q=&limit=3&fields=id%2Cname ← http://localhost:9000/app (304) - 34.313 ms
[32mhttp[39m:    GET /admin/api-keys?q=&limit=3&fields=id%2Ctitle%2Credacted&type=publishable ← http://localhost:9000/app (304) - 37.349 ms
[32mhttp[39m:    GET /admin/api-keys?q=&limit=3&fields=id%2Ctitle%2Credacted&type=secret ← http://localhost:9000/app (304) - 61.547 ms
[32mhttp[39m:    GET /admin/regions?limit=1000&fields=id%2Cname ← http://localhost:9000/app/orders (200) - 17.382 ms
[32mhttp[39m:    GET /admin/sales-channels?limit=1000&fields=id%2Cname ← http://localhost:9000/app/orders (200) - 31.196 ms
[32mhttp[39m:    GET /admin/orders?fields=id%2Cstatus%2Ccreated_at%2Cemail%2Cdisplay_id%2Ccustom_display_id%2Cpayment_status%2Cfulfillment_status%2Ctotal%2Ccurrency_code%2C%2Acustomer%2C%2Asales_channel%2C%2Apayment_collections&limit=20&offset=0&order=-created_at ← http://localhost:9000/app/orders (200) - 52.639 ms
[32mhttp[39m:    GET /app/login ← - (200) - 10.624 ms
[32mhttp[39m:    GET /app/entry.jsx ← http://localhost:9000/app/login (304) - 0.991 ms
[32mhttp[39m:    GET /app/index.css ← http://localhost:9000/app/entry.jsx (304) - 1.334 ms
[32mhttp[39m:    GET /admin/feature-flags ← http://localhost:9000/app/login (304) - 2.088 ms
[32mhttp[39m:    GET /cloud/auth ← http://localhost:9000/app/login (304) - 1.765 ms
[32mhttp[39m:    POST /auth/user/emailpass ← http://localhost:9000/app/login (200) - 205.979 ms
[32mhttp[39m:    POST /auth/session ← http://localhost:9000/app/login (200) - 3.135 ms
[32mhttp[39m:    GET /admin/users/me ← http://localhost:9000/app/orders (304) - 8.378 ms
[32mhttp[39m:    GET /admin/notifications?limit=1&offset=0&fields=created_at ← http://localhost:9000/app/orders (304) - 53.036 ms
[32mhttp[39m:    GET /admin/sales-channels?limit=1000&fields=id%2Cname ← http://localhost:9000/app/orders (304) - 88.586 ms
[32mhttp[39m:    GET /admin/regions?limit=1000&fields=id%2Cname ← http://localhost:9000/app/orders (304) - 91.828 ms
[32mhttp[39m:    GET /admin/orders?fields=id%2Cstatus%2Ccreated_at%2Cemail%2Cdisplay_id%2Ccustom_display_id%2Cpayment_status%2Cfulfillment_status%2Ctotal%2Ccurrency_code%2C%2Acustomer%2C%2Asales_channel%2C%2Apayment_collections&limit=20&offset=0&order=-created_at ← http://localhost:9000/app/orders (304) - 101.638 ms
[32mhttp[39m:    GET /admin/orders?q=&limit=3&fields=id%2Cdisplay_id%2Cemail ← http://localhost:9000/app/orders (304) - 115.514 ms
[32mhttp[39m:    GET /admin/stores ← http://localhost:9000/app/orders (304) - 129.461 ms
[32mhttp[39m:    GET /admin/products?q=&limit=3&fields=id%2Ctitle%2Cthumbnail%2C-type%2C-collection%2C-options%2C-tags%2C-images%2C-variants%2C-sales_channels ← http://localhost:9000/app/orders (304) - 50.907 ms
[32mhttp[39m:    GET /admin/product-variants?q=&limit=3&fields=id%2Ctitle%2Csku%2Cproduct_id ← http://localhost:9000/app/orders (304) - 46.762 ms
[32mhttp[39m:    GET /admin/product-categories?limit=3&fields=id%2Cname ← http://localhost:9000/app/orders (304) - 42.938 ms
[32mhttp[39m:    GET /admin/collections?q=&limit=3&fields=id%2Ctitle ← http://localhost:9000/app/orders (304) - 58.418 ms
[32mhttp[39m:    GET /admin/customers?q=&limit=3&fields=id%2Cemail%2Cfirst_name%2Clast_name ← http://localhost:9000/app/orders (304) - 26.519 ms
[32mhttp[39m:    GET /admin/customer-groups?q=&limit=3&fields=id%2Cname ← http://localhost:9000/app/orders (304) - 49.301 ms
[32mhttp[39m:    GET /admin/inventory-items?q=&limit=3&fields=id%2Ctitle%2Csku ← http://localhost:9000/app/orders (304) - 29.899 ms
[32mhttp[39m:    GET /admin/promotions?q=&limit=3&fields=id%2Ccode%2Cstatus ← http://localhost:9000/app/orders (304) - 41.678 ms
[32mhttp[39m:    GET /admin/campaigns?q=&limit=3&fields=id%2Cname ← http://localhost:9000/app/orders (304) - 41.468 ms
[32mhttp[39m:    GET /admin/price-lists?q=&limit=3&fields=id%2Ctitle ← http://localhost:9000/app/orders (304) - 20.486 ms
[32mhttp[39m:    GET /admin/users?q=&limit=3&fields=id%2Cemail%2Cfirst_name%2Clast_name ← http://localhost:9000/app/orders (304) - 33.784 ms
[32mhttp[39m:    GET /admin/regions?q=&limit=3&fields=id%2Cname ← http://localhost:9000/app/orders (304) - 21.115 ms
[32mhttp[39m:    GET /admin/tax-regions?q=&limit=3&fields=id%2Ccountry_code%2Cprovince_code ← http://localhost:9000/app/orders (304) - 37.605 ms
[32mhttp[39m:    GET /admin/return-reasons?q=&limit=3&fields=id%2Clabel%2Cvalue ← http://localhost:9000/app/orders (304) - 28.856 ms
[32mhttp[39m:    GET /admin/sales-channels?q=&limit=3&fields=id%2Cname ← http://localhost:9000/app/orders (304) - 28.724 ms
[32mhttp[39m:    GET /admin/product-types?q=&limit=3&fields=id%2Cvalue ← http://localhost:9000/app/orders (304) - 40.428 ms
[32mhttp[39m:    GET /admin/product-tags?q=&limit=3&fields=id%2Cvalue ← http://localhost:9000/app/orders (304) - 17.287 ms
[32mhttp[39m:    GET /admin/stock-locations?q=&limit=3&fields=id%2Cname ← http://localhost:9000/app/orders (304) - 32.234 ms
[32mhttp[39m:    GET /admin/shipping-profiles?q=&limit=3&fields=id%2Cname ← http://localhost:9000/app/orders (304) - 31.764 ms
[32mhttp[39m:    GET /admin/api-keys?q=&limit=3&fields=id%2Ctitle%2Credacted&type=publishable ← http://localhost:9000/app/orders (304) - 32.966 ms
[32mhttp[39m:    GET /admin/api-keys?q=&limit=3&fields=id%2Ctitle%2Credacted&type=secret ← http://localhost:9000/app/orders (304) - 39.814 ms
[32mhttp[39m:    GET /admin/premium-recovery/bundles ← http://localhost:9000/app/premium-recovery (304) - 14.081 ms
[32mhttp[39m:    GET /admin/premium-recovery/bundles ← http://localhost:9000/app/premium-recovery (304) - 2.740 ms
[32mhttp[39m:    GET /admin/premium-recovery/restore-points ← http://localhost:9000/app/premium-recovery (304) - 41.700 ms
[32mhttp[39m:    GET /admin/premium-recovery/restore-points ← http://localhost:9000/app/premium-recovery (304) - 5.515 ms
[32mhttp[39m:    GET /admin/premium-recovery/git-changes ← http://localhost:9000/app/premium-recovery (-) - - ms
[32mhttp[39m:    GET /admin/premium-recovery/status ← http://localhost:9000/app/premium-recovery (304) - 416.803 ms
[32mhttp[39m:    GET /admin/premium-recovery/git-changes ← http://localhost:9000/app/premium-recovery (200) - 470.667 ms
[32mhttp[39m:    GET /admin/premium-recovery/status ← http://localhost:9000/app/premium-recovery (304) - 227.089 ms
[32mhttp[39m:    GET /admin/premium-recovery/git-changes ← http://localhost:9000/app/premium-recovery (304) - 269.470 ms
[32mhttp[39m:    GET /admin/notifications?limit=1&offset=0&fields=created_at ← http://localhost:9000/app/premium-recovery (304) - 29.004 ms
[32mhttp[39m:    POST /admin/premium-recovery/restore-points ← http://localhost:9000/app/premium-recovery (201) - 139.378 ms
[32mhttp[39m:    GET /admin/premium-recovery/restore-points ← http://localhost:9000/app/premium-recovery (200) - 7.398 ms
[32mhttp[39m:    GET /app/premium-recovery ← - (200) - 13.542 ms
[32mhttp[39m:    GET /app/entry.jsx ← http://localhost:9000/app/premium-recovery (200) - 2.380 ms
[32mhttp[39m:    GET /app/index.css ← http://localhost:9000/app/entry.jsx (200) - 56.722 ms
[32mhttp[39m:    GET /admin/feature-flags ← http://localhost:9000/app/premium-recovery (304) - 2.423 ms
[32mhttp[39m:    GET /admin/users/me ← http://localhost:9000/app/premium-recovery (304) - 10.957 ms
[32mhttp[39m:    GET /admin/premium-recovery/bundles ← http://localhost:9000/app/premium-recovery (304) - 4.179 ms
[32mhttp[39m:    GET /admin/notifications?limit=1&offset=0&fields=created_at ← http://localhost:9000/app/premium-recovery (304) - 17.754 ms
[32mhttp[39m:    GET /admin/stores ← http://localhost:9000/app/premium-recovery (304) - 69.078 ms
[32mhttp[39m:    GET /admin/products?q=&limit=3&fields=id%2Ctitle%2Cthumbnail%2C-type%2C-collection%2C-options%2C-tags%2C-images%2C-variants%2C-sales_channels ← http://localhost:9000/app/premium-recovery (304) - 56.569 ms
[32mhttp[39m:    GET /admin/premium-recovery/restore-points ← http://localhost:9000/app/premium-recovery (304) - 151.652 ms
[32mhttp[39m:    GET /admin/orders?q=&limit=3&fields=id%2Cdisplay_id%2Cemail ← http://localhost:9000/app/premium-recovery (304) - 93.224 ms
[32mhttp[39m:    GET /admin/product-variants?q=&limit=3&fields=id%2Ctitle%2Csku%2Cproduct_id ← http://localhost:9000/app/premium-recovery (304) - 49.554 ms
[32mhttp[39m:    GET /admin/product-categories?limit=3&fields=id%2Cname ← http://localhost:9000/app/premium-recovery (304) - 52.907 ms
[32mhttp[39m:    GET /admin/collections?q=&limit=3&fields=id%2Ctitle ← http://localhost:9000/app/premium-recovery (304) - 71.066 ms
[32mhttp[39m:    GET /admin/customers?q=&limit=3&fields=id%2Cemail%2Cfirst_name%2Clast_name ← http://localhost:9000/app/premium-recovery (304) - 43.934 ms
[32mhttp[39m:    GET /admin/customer-groups?q=&limit=3&fields=id%2Cname ← http://localhost:9000/app/premium-recovery (304) - 21.892 ms
[32mhttp[39m:    GET /admin/inventory-items?q=&limit=3&fields=id%2Ctitle%2Csku ← http://localhost:9000/app/premium-recovery (304) - 100.761 ms
[32mhttp[39m:    GET /admin/premium-recovery/bundles ← http://localhost:9000/app/premium-recovery (304) - 6.288 ms
[32mhttp[39m:    GET /admin/promotions?q=&limit=3&fields=id%2Ccode%2Cstatus ← http://localhost:9000/app/premium-recovery (304) - 94.741 ms
[32mhttp[39m:    GET /admin/premium-recovery/git-changes ← http://localhost:9000/app/premium-recovery (-) - - ms
[32mhttp[39m:    GET /admin/price-lists?q=&limit=3&fields=id%2Ctitle ← http://localhost:9000/app/premium-recovery (304) - 23.609 ms
[32mhttp[39m:    GET /admin/campaigns?q=&limit=3&fields=id%2Cname ← http://localhost:9000/app/premium-recovery (304) - 65.498 ms
[32mhttp[39m:    GET /admin/users?q=&limit=3&fields=id%2Cemail%2Cfirst_name%2Clast_name ← http://localhost:9000/app/premium-recovery (304) - 49.355 ms
[32mhttp[39m:    GET /admin/regions?q=&limit=3&fields=id%2Cname ← http://localhost:9000/app/premium-recovery (304) - 57.235 ms
[32mhttp[39m:    GET /admin/tax-regions?q=&limit=3&fields=id%2Ccountry_code%2Cprovince_code ← http://localhost:9000/app/premium-recovery (304) - 94.731 ms
[32mhttp[39m:    GET /admin/return-reasons?q=&limit=3&fields=id%2Clabel%2Cvalue ← http://localhost:9000/app/premium-recovery (304) - 91.950 ms
[32mhttp[39m:    GET /admin/sales-channels?q=&limit=3&fields=id%2Cname ← http://localhost:9000/app/premium-recovery (304) - 107.799 ms
[32mhttp[39m:    GET /admin/product-types?q=&limit=3&fields=id%2Cvalue ← http://localhost:9000/app/premium-recovery (304) - 29.567 ms
[32mhttp[39m:    GET /admin/product-tags?q=&limit=3&fields=id%2Cvalue ← http://localhost:9000/app/premium-recovery (304) - 45.496 ms
[32mhttp[39m:    GET /admin/stock-locations?q=&limit=3&fields=id%2Cname ← http://localhost:9000/app/premium-recovery (304) - 46.639 ms
[32mhttp[39m:    GET /admin/shipping-profiles?q=&limit=3&fields=id%2Cname ← http://localhost:9000/app/premium-recovery (304) - 39.678 ms
[32mhttp[39m:    GET /admin/api-keys?q=&limit=3&fields=id%2Ctitle%2Credacted&type=publishable ← http://localhost:9000/app/premium-recovery (304) - 55.715 ms
[32mhttp[39m:    GET /admin/api-keys?q=&limit=3&fields=id%2Ctitle%2Credacted&type=secret ← http://localhost:9000/app/premium-recovery (304) - 29.629 ms
[32mhttp[39m:    GET /admin/premium-recovery/restore-points ← http://localhost:9000/app/premium-recovery (304) - 68.688 ms
[32mhttp[39m:    GET /admin/premium-recovery/status ← http://localhost:9000/app/premium-recovery (304) - 964.518 ms
[32mhttp[39m:    GET /admin/premium-recovery/git-changes ← http://localhost:9000/app/premium-recovery (200) - 988.648 ms
[32mhttp[39m:    GET /admin/premium-recovery/status ← http://localhost:9000/app/premium-recovery (304) - 235.835 ms
[32mhttp[39m:    GET /admin/notifications?limit=1&offset=0&fields=created_at ← http://localhost:9000/app/premium-recovery (304) - 26.376 ms
[32mhttp[39m:    GET /admin/notifications?limit=1&offset=0&fields=created_at ← http://localhost:9000/app/premium-recovery (304) - 15.554 ms
[32mhttp[39m:    GET /admin/notifications?limit=1&offset=0&fields=created_at ← http://localhost:9000/app/premium-recovery (304) - 23.606 ms
[32mhttp[39m:    GET /admin/notifications?limit=1&offset=0&fields=created_at ← http://localhost:9000/app/premium-recovery (304) - 6.431 ms
[32mhttp[39m:    GET /admin/notifications?limit=1&offset=0&fields=created_at ← http://localhost:9000/app/premium-recovery (304) - 13.630 ms
[32mhttp[39m:    GET /admin/notifications?limit=1&offset=0&fields=created_at ← http://localhost:9000/app/premium-recovery (304) - 19.373 ms
[2m4:23:54 PM[22m [31m[1m[vite][22m[39m Pre-transform error: Failed to load url /@fs/C:/Users/H.M/my-medusa-store/apps/medusa-premium-recovery/.medusa/server/src/admin/index.mjs (resolved id: C:/Users/H.M/my-medusa-store/apps/medusa-premium-recovery/.medusa/server/src/admin/index.mjs) in C:/Users/H.M/my-medusa-store/apps/backend/.medusa/client/entry.jsx. Does the file exist?
[32mhttp[39m:    GET /app/entry.jsx?t=1782910434914 ← http://localhost:9000/app/@vite/client (200) - 1.653 ms
[32mhttp[39m:    GET /app/@fs/C:/Users/H.M/my-medusa-store/apps/medusa-premium-recovery/.medusa/server/src/admin/index.mjs?t=1782910434914 ← http://localhost:9000/app/entry.jsx?t=1782910434914 (404) - 3.350 ms
[32mhttp[39m:    GET /app/index.css?t=1782910434914 ← http://localhost:9000/app/@vite/client (200) - 577.903 ms
[32mhttp[39m:    GET /app/premium-recovery ← http://localhost:9000/app/premium-recovery (304) - 9.442 ms
[32mhttp[39m:    GET /app/entry.jsx ← http://localhost:9000/app/premium-recovery (200) - 3.060 ms
[32mhttp[39m:    GET /app/index.css?t=1782910434914 ← http://localhost:9000/app/entry.jsx (304) - 1.232 ms
[32mhttp[39m:    GET /app/@fs/C:/Users/H.M/my-medusa-store/apps/medusa-premium-recovery/.medusa/server/src/admin/index.mjs?t=1782910434914 ← http://localhost:9000/app/entry.jsx (404) - 3.148 ms
