
> @dtc/backend@0.0.1 dev
> medusa develop

[32minfo[39m:    redisUrl not found. A fake redis instance will be used.
[32minfo[39m:    Linting project...
[32minfo[39m:    [Watcher] Using standard dev server (restart on file change)
[32minfo[39m:    [Watcher] Watching filesystem to reload dev server on file change
[32minfo[39m:    redisUrl not found. A fake redis instance will be used.
- Creating server
[32minfo[39m:    redisUrl not found. A fake redis instance will be used.
[32minfo[39m:    Skipping instrumentation registration. No register function found.
[32minfo[39m:    redisUrl not found. A fake redis instance will be used.
[32minfo[39m:    No link to load from C:\Users\H.M\my-medusa-store\node_modules\@medusajs\draft-order\.medusa\server\src\links. skipped.
[32minfo[39m:    No link to load from C:\Users\H.M\my-medusa-store\apps\medusa-premium-recovery\.medusa\server\src\links. skipped.
[33mwarn[39m:    Local Event Bus installed. This is not recommended for production.
[32minfo[39m:    Locking module: Using "in-memory" as default.
[32minfo[39m:    No workflow to load from C:\Users\H.M\my-medusa-store\node_modules\@medusajs\draft-order\.medusa\server\src\workflows. skipped.
[32minfo[39m:    No workflow to load from C:\Users\H.M\my-medusa-store\apps\medusa-premium-recovery\.medusa\server\src\workflows. skipped.
[32minfo[39m:    No subscriber to load from C:\Users\H.M\my-medusa-store\apps\medusa-premium-recovery\.medusa\server\src\subscribers. skipped.
[32minfo[39m:    No subscriber to load from C:\Users\H.M\my-medusa-store\node_modules\@medusajs\draft-order\.medusa\server\src\subscribers. skipped.
[32minfo[39m:    No job to load from C:\Users\H.M\my-medusa-store\node_modules\@medusajs\medusa\dist\jobs. skipped.
[32minfo[39m:    No job to load from C:\Users\H.M\my-medusa-store\node_modules\@medusajs\draft-order\.medusa\server\src\jobs. skipped.
[32minfo[39m:    No job to load from C:\Users\H.M\my-medusa-store\apps\medusa-premium-recovery\.medusa\server\src\jobs. skipped.
√ Server is ready on port: 9000 – 39289ms
[32minfo[39m:    Admin URL → http://localhost:9000/app
[32mhttp[39m:    GET /admin/premium-recovery/git-changes ← - (401) - 179.069 ms
[32mhttp[39m:    GET /admin/premium-recovery/git-changes ← - (401) - 2.757 ms
[32mhttp[39m:    GET /admin/notifications?limit=1&offset=0&fields=created_at ← http://localhost:9000/app/premium-recovery (401) - 546.677 ms
[32mhttp[39m:    GET /app/premium-recovery ← http://localhost:9000/app/premium-recovery (200) - 421.884 ms
[32mhttp[39m:    GET /app/entry.jsx ← http://localhost:9000/app/premium-recovery (200) - 29299.550 ms
[32mhttp[39m:    GET /app/index.css ← http://localhost:9000/app/entry.jsx (200) - 29306.036 ms
[32mhttp[39m:    GET /admin/feature-flags ← http://localhost:9000/app/premium-recovery (304) - 15.015 ms
[32mhttp[39m:    GET /admin/users/me ← http://localhost:9000/app/premium-recovery (401) - 2.187 ms
[32mhttp[39m:    GET /admin/users/me ← http://localhost:9000/app/premium-recovery (401) - 4.254 ms
[32mhttp[39m:    GET /cloud/auth ← http://localhost:9000/app/login (304) - 40.610 ms
[32mhttp[39m:    POST /auth/user/emailpass ← http://localhost:9000/app/login (200) - 3342.245 ms
[32mhttp[39m:    POST /auth/session ← http://localhost:9000/app/login (200) - 136.079 ms
[32mhttp[39m:    GET /admin/users/me ← http://localhost:9000/app/premium-recovery (304) - 826.543 ms
[32mhttp[39m:    GET /admin/premium-recovery/restore-points ← http://localhost:9000/app/premium-recovery (304) - 5.968 ms
[32mhttp[39m:    GET /admin/premium-recovery/bundles ← http://localhost:9000/app/premium-recovery (304) - 7.317 ms
[32mhttp[39m:    GET /admin/premium-recovery/git-changes ← http://localhost:9000/app/premium-recovery (-) - - ms
[32mhttp[39m:    GET /admin/notifications?limit=1&offset=0&fields=created_at ← http://localhost:9000/app/premium-recovery (304) - 2129.638 ms
[32mhttp[39m:    GET /admin/products?q=&limit=3&fields=id%2Ctitle%2Cthumbnail%2C-type%2C-collection%2C-options%2C-tags%2C-images%2C-variants%2C-sales_channels ← http://localhost:9000/app/premium-recovery (304) - 1672.050 ms
[32mhttp[39m:    GET /admin/product-variants?q=&limit=3&fields=id%2Ctitle%2Csku%2Cproduct_id ← http://localhost:9000/app/premium-recovery (304) - 234.896 ms
[32mhttp[39m:    GET /admin/stores ← http://localhost:9000/app/premium-recovery (304) - 2421.278 ms
[32mhttp[39m:    GET /admin/product-categories?limit=3&fields=id%2Cname ← http://localhost:9000/app/premium-recovery (304) - 99.878 ms
[32mhttp[39m:    GET /admin/customers?q=&limit=3&fields=id%2Cemail%2Cfirst_name%2Clast_name ← http://localhost:9000/app/premium-recovery (304) - 62.473 ms
[32mhttp[39m:    GET /admin/customer-groups?q=&limit=3&fields=id%2Cname ← http://localhost:9000/app/premium-recovery (304) - 29.409 ms
[32mhttp[39m:    GET /admin/collections?q=&limit=3&fields=id%2Ctitle ← http://localhost:9000/app/premium-recovery (304) - 145.031 ms
[32mhttp[39m:    GET /admin/orders?q=&limit=3&fields=id%2Cdisplay_id%2Cemail ← http://localhost:9000/app/premium-recovery (304) - 2538.810 ms
[32mhttp[39m:    GET /admin/inventory-items?q=&limit=3&fields=id%2Ctitle%2Csku ← http://localhost:9000/app/premium-recovery (304) - 112.630 ms
[32mhttp[39m:    GET /admin/users?q=&limit=3&fields=id%2Cemail%2Cfirst_name%2Clast_name ← http://localhost:9000/app/premium-recovery (304) - 32.525 ms
[32mhttp[39m:    GET /admin/campaigns?q=&limit=3&fields=id%2Cname ← http://localhost:9000/app/premium-recovery (304) - 83.505 ms
[32mhttp[39m:    GET /admin/price-lists?q=&limit=3&fields=id%2Ctitle ← http://localhost:9000/app/premium-recovery (304) - 86.601 ms
[32mhttp[39m:    GET /admin/regions?q=&limit=3&fields=id%2Cname ← http://localhost:9000/app/premium-recovery (304) - 82.153 ms
[32mhttp[39m:    GET /admin/sales-channels?q=&limit=3&fields=id%2Cname ← http://localhost:9000/app/premium-recovery (304) - 262.607 ms
[32mhttp[39m:    GET /admin/premium-recovery/status ← http://localhost:9000/app/premium-recovery (200) - 3051.330 ms
[32mhttp[39m:    GET /admin/premium-recovery/git-changes ← http://localhost:9000/app/premium-recovery (200) - 3033.267 ms
[32mhttp[39m:    GET /admin/tax-regions?q=&limit=3&fields=id%2Ccountry_code%2Cprovince_code ← http://localhost:9000/app/premium-recovery (304) - 455.683 ms
[32mhttp[39m:    GET /admin/promotions?q=&limit=3&fields=id%2Ccode%2Cstatus ← http://localhost:9000/app/premium-recovery (304) - 603.127 ms
[32mhttp[39m:    GET /admin/product-types?q=&limit=3&fields=id%2Cvalue ← http://localhost:9000/app/premium-recovery (304) - 287.077 ms
[32mhttp[39m:    GET /admin/product-tags?q=&limit=3&fields=id%2Cvalue ← http://localhost:9000/app/premium-recovery (304) - 308.181 ms
[32mhttp[39m:    GET /admin/premium-recovery/restore-points ← http://localhost:9000/app/premium-recovery (304) - 1.960 ms
[32mhttp[39m:    GET /admin/premium-recovery/bundles ← http://localhost:9000/app/premium-recovery (304) - 2.007 ms
[32mhttp[39m:    GET /admin/shipping-profiles?q=&limit=3&fields=id%2Cname ← http://localhost:9000/app/premium-recovery (304) - 235.023 ms
[32mhttp[39m:    GET /admin/stock-locations?q=&limit=3&fields=id%2Cname ← http://localhost:9000/app/premium-recovery (304) - 361.112 ms
[32mhttp[39m:    GET /admin/return-reasons?q=&limit=3&fields=id%2Clabel%2Cvalue ← http://localhost:9000/app/premium-recovery (304) - 694.840 ms
[32mhttp[39m:    GET /admin/api-keys?q=&limit=3&fields=id%2Ctitle%2Credacted&type=secret ← http://localhost:9000/app/premium-recovery (304) - 102.423 ms
[32mhttp[39m:    GET /admin/api-keys?q=&limit=3&fields=id%2Ctitle%2Credacted&type=publishable ← http://localhost:9000/app/premium-recovery (304) - 271.867 ms
[32mhttp[39m:    GET /admin/premium-recovery/status ← http://localhost:9000/app/premium-recovery (304) - 344.629 ms
[32mhttp[39m:    GET /admin/premium-recovery/git-changes ← http://localhost:9000/app/premium-recovery (200) - 400.544 ms
[32mhttp[39m:    POST /admin/premium-recovery/restore-points ← http://localhost:9000/app/premium-recovery (404) - 7.979 ms
[32mhttp[39m:    GET /admin/premium-recovery/git-changes ← http://localhost:9000/app/premium-recovery (304) - 243.830 ms
[32mhttp[39m:    GET /admin/notifications?limit=1&offset=0&fields=created_at ← http://localhost:9000/app/premium-recovery (304) - 22.481 ms
[32mhttp[39m:    GET /admin/premium-recovery/git-changes ← http://localhost:9000/app/premium-recovery (304) - 233.719 ms
[32mhttp[39m:    GET /admin/notifications?limit=1&offset=0&fields=created_at ← http://localhost:9000/app/premium-recovery (304) - 21.881 ms
[32mhttp[39m:    POST /admin/premium-recovery/restore-points ← http://localhost:9000/app/premium-recovery (404) - 3.224 ms
[32mhttp[39m:    GET /admin/premium-recovery/git-changes ← http://localhost:9000/app/premium-recovery (304) - 195.518 ms
[32mhttp[39m:    GET /admin/notifications?limit=1&offset=0&fields=created_at ← http://localhost:9000/app/premium-recovery (304) - 19.066 ms
[32mhttp[39m:    POST /admin/premium-recovery/restore-points ← http://localhost:9000/app/premium-recovery (404) - 4.224 ms
[32mhttp[39m:    GET /admin/notifications?limit=1&offset=0&fields=created_at ← http://localhost:9000/app/premium-recovery (304) - 12.107 ms
[32mhttp[39m:    GET /admin/notifications?limit=1&offset=0&fields=created_at ← http://localhost:9000/app/premium-recovery (304) - 8.970 ms
[32mhttp[39m:    GET /admin/notifications?limit=1&offset=0&fields=created_at ← http://localhost:9000/app/premium-recovery (304) - 11.986 ms
[32mhttp[39m:    GET /admin/notifications?limit=1&offset=0&fields=created_at ← http://localhost:9000/app/premium-recovery (304) - 6.209 ms
[32mhttp[39m:    GET /admin/notifications?limit=1&offset=0&fields=created_at ← http://localhost:9000/app/premium-recovery (304) - 18.444 ms
[32mhttp[39m:    GET /admin/notifications?limit=1&offset=0&fields=created_at ← http://localhost:9000/app/premium-recovery (304) - 18.262 ms
[32mhttp[39m:    GET /admin/notifications?limit=1&offset=0&fields=created_at ← http://localhost:9000/app/premium-recovery (304) - 6.809 ms
[32mhttp[39m:    GET /admin/notifications?limit=1&offset=0&fields=created_at ← http://localhost:9000/app/premium-recovery (304) - 8.065 ms
[32mhttp[39m:    GET /admin/notifications?limit=1&offset=0&fields=created_at ← http://localhost:9000/app/premium-recovery (304) - 7.479 ms
[32mhttp[39m:    GET /admin/notifications?limit=1&offset=0&fields=created_at ← http://localhost:9000/app/premium-recovery (304) - 13.222 ms
[32mhttp[39m:    GET /admin/notifications?limit=1&offset=0&fields=created_at ← http://localhost:9000/app/premium-recovery (304) - 13.331 ms
[32mhttp[39m:    GET /admin/notifications?limit=1&offset=0&fields=created_at ← http://localhost:9000/app/premium-recovery (304) - 7.068 ms
[32mhttp[39m:    GET /admin/notifications?limit=1&offset=0&fields=created_at ← http://localhost:9000/app/premium-recovery (304) - 7.509 ms
[32mhttp[39m:    GET /app/entry.jsx?t=1782906961525 ← http://localhost:9000/app/@vite/client (200) - 2.982 ms
[2m3:26:01 PM[22m [31m[1m[vite][22m[39m Pre-transform error: Failed to load url /@fs/C:/Users/H.M/my-medusa-store/apps/medusa-premium-recovery/.medusa/server/src/admin/index.mjs (resolved id: C:/Users/H.M/my-medusa-store/apps/medusa-premium-recovery/.medusa/server/src/admin/index.mjs) in C:/Users/H.M/my-medusa-store/apps/backend/.medusa/client/entry.jsx. Does the file exist?
[32mhttp[39m:    GET /app/index.css?t=1782906961525 ← http://localhost:9000/app/@vite/client (200) - 1329.755 ms
[32mhttp[39m:    GET /app/@fs/C:/Users/H.M/my-medusa-store/apps/medusa-premium-recovery/.medusa/server/src/admin/index.mjs?t=1782906961525 ← http://localhost:9000/app/entry.jsx?t=1782906961525 (404) - 61.127 ms
[32mhttp[39m:    GET /app/premium-recovery ← http://localhost:9000/app/premium-recovery (304) - 82.190 ms
[32mhttp[39m:    GET /app/entry.jsx ← http://localhost:9000/app/premium-recovery (200) - 6.445 ms
[32mhttp[39m:    GET /app/index.css?t=1782906961525 ← http://localhost:9000/app/entry.jsx (304) - 1.636 ms
[32mhttp[39m:    GET /app/@fs/C:/Users/H.M/my-medusa-store/apps/medusa-premium-recovery/.medusa/server/src/admin/index.mjs?t=1782906961525 ← http://localhost:9000/app/entry.jsx (404) - 13.048 ms
[32mhttp[39m:    GET /app/premium-recovery ← http://localhost:9000/app/premium-recovery (200) - 14.367 ms
[32mhttp[39m:    GET /app/entry.jsx ← http://localhost:9000/app/premium-recovery (200) - 153.533 ms
[32mhttp[39m:    GET /app/index.css?t=1782907268551 ← http://localhost:9000/app/entry.jsx (200) - 20889.380 ms
[32mhttp[39m:    GET /admin/feature-flags ← http://localhost:9000/app/premium-recovery (200) - 2.269 ms
[32mhttp[39m:    GET /admin/users/me ← http://localhost:9000/app/premium-recovery (200) - 107.255 ms
[32mhttp[39m:    GET /admin/premium-recovery/restore-points ← http://localhost:9000/app/premium-recovery (200) - 2.292 ms
[32mhttp[39m:    GET /admin/premium-recovery/bundles ← http://localhost:9000/app/premium-recovery (200) - 6.607 ms
[32mhttp[39m:    GET /admin/premium-recovery/restore-points ← http://localhost:9000/app/premium-recovery (304) - 8.008 ms
[32mhttp[39m:    GET /admin/premium-recovery/bundles ← http://localhost:9000/app/premium-recovery (304) - 16.871 ms
[32mhttp[39m:    GET /admin/notifications?limit=1&offset=0&fields=created_at ← http://localhost:9000/app/premium-recovery (200) - 44.960 ms
[32mhttp[39m:    GET /admin/stores ← http://localhost:9000/app/premium-recovery (200) - 231.909 ms
[32mhttp[39m:    GET /admin/premium-recovery/git-changes ← http://localhost:9000/app/premium-recovery (-) - - ms
[32mhttp[39m:    GET /admin/products?q=&limit=3&fields=id%2Ctitle%2Cthumbnail%2C-type%2C-collection%2C-options%2C-tags%2C-images%2C-variants%2C-sales_channels ← http://localhost:9000/app/premium-recovery (200) - 68.022 ms
[32mhttp[39m:    GET /admin/product-variants?q=&limit=3&fields=id%2Ctitle%2Csku%2Cproduct_id ← http://localhost:9000/app/premium-recovery (200) - 27.693 ms
[32mhttp[39m:    GET /admin/product-categories?limit=3&fields=id%2Cname ← http://localhost:9000/app/premium-recovery (200) - 28.180 ms
[32mhttp[39m:    GET /admin/collections?q=&limit=3&fields=id%2Ctitle ← http://localhost:9000/app/premium-recovery (200) - 13.370 ms
[32mhttp[39m:    GET /admin/customers?q=&limit=3&fields=id%2Cemail%2Cfirst_name%2Clast_name ← http://localhost:9000/app/premium-recovery (200) - 7.369 ms
[32mhttp[39m:    GET /admin/customer-groups?q=&limit=3&fields=id%2Cname ← http://localhost:9000/app/premium-recovery (200) - 9.787 ms
[32mhttp[39m:    GET /admin/inventory-items?q=&limit=3&fields=id%2Ctitle%2Csku ← http://localhost:9000/app/premium-recovery (200) - 13.135 ms
[32mhttp[39m:    GET /admin/promotions?q=&limit=3&fields=id%2Ccode%2Cstatus ← http://localhost:9000/app/premium-recovery (200) - 52.951 ms
[32mhttp[39m:    GET /admin/users?q=&limit=3&fields=id%2Cemail%2Cfirst_name%2Clast_name ← http://localhost:9000/app/premium-recovery (200) - 204.928 ms
[32mhttp[39m:    GET /admin/orders?q=&limit=3&fields=id%2Cdisplay_id%2Cemail ← http://localhost:9000/app/premium-recovery (200) - 725.203 ms
[32mhttp[39m:    GET /admin/regions?q=&limit=3&fields=id%2Cname ← http://localhost:9000/app/premium-recovery (200) - 28.992 ms
[32mhttp[39m:    GET /admin/campaigns?q=&limit=3&fields=id%2Cname ← http://localhost:9000/app/premium-recovery (200) - 329.009 ms
[32mhttp[39m:    GET /admin/sales-channels?q=&limit=3&fields=id%2Cname ← http://localhost:9000/app/premium-recovery (200) - 32.780 ms
[32mhttp[39m:    GET /admin/product-types?q=&limit=3&fields=id%2Cvalue ← http://localhost:9000/app/premium-recovery (200) - 13.840 ms
[32mhttp[39m:    GET /admin/tax-regions?q=&limit=3&fields=id%2Ccountry_code%2Cprovince_code ← http://localhost:9000/app/premium-recovery (200) - 118.052 ms
[32mhttp[39m:    GET /admin/product-tags?q=&limit=3&fields=id%2Cvalue ← http://localhost:9000/app/premium-recovery (200) - 23.770 ms
[32mhttp[39m:    GET /admin/price-lists?q=&limit=3&fields=id%2Ctitle ← http://localhost:9000/app/premium-recovery (200) - 423.295 ms
[32mhttp[39m:    GET /admin/api-keys?q=&limit=3&fields=id%2Ctitle%2Credacted&type=publishable ← http://localhost:9000/app/premium-recovery (200) - 17.401 ms
[32mhttp[39m:    GET /admin/api-keys?q=&limit=3&fields=id%2Ctitle%2Credacted&type=secret ← http://localhost:9000/app/premium-recovery (200) - 17.724 ms
[32mhttp[39m:    GET /admin/stock-locations?q=&limit=3&fields=id%2Cname ← http://localhost:9000/app/premium-recovery (200) - 234.741 ms
[32mhttp[39m:    GET /admin/return-reasons?q=&limit=3&fields=id%2Clabel%2Cvalue ← http://localhost:9000/app/premium-recovery (200) - 550.198 ms
[32mhttp[39m:    GET /admin/shipping-profiles?q=&limit=3&fields=id%2Cname ← http://localhost:9000/app/premium-recovery (200) - 417.173 ms
[32mhttp[39m:    GET /admin/premium-recovery/git-changes ← http://localhost:9000/app/premium-recovery (200) - 2544.195 ms
[32mhttp[39m:    GET /admin/premium-recovery/status ← http://localhost:9000/app/premium-recovery (200) - 2630.119 ms
[32mhttp[39m:    GET /admin/premium-recovery/status ← http://localhost:9000/app/premium-recovery (304) - 230.478 ms
[32mhttp[39m:    GET /app/premium-recovery ← http://localhost:9000/app/premium-recovery (200) - 13.320 ms
[32mhttp[39m:    GET /app/entry.jsx ← http://localhost:9000/app/premium-recovery (200) - 17.859 ms
[32mhttp[39m:    GET /app/index.css?t=1782907268551 ← http://localhost:9000/app/entry.jsx (200) - 13.028 ms
[32mhttp[39m:    GET /admin/feature-flags ← http://localhost:9000/app/premium-recovery (304) - 2.731 ms
[32mhttp[39m:    GET /admin/users/me ← http://localhost:9000/app/premium-recovery (304) - 14.885 ms
[32mhttp[39m:    GET /admin/premium-recovery/restore-points ← http://localhost:9000/app/premium-recovery (304) - 6.046 ms
[32mhttp[39m:    GET /admin/premium-recovery/bundles ← http://localhost:9000/app/premium-recovery (304) - 6.438 ms
[32mhttp[39m:    GET /admin/notifications?limit=1&offset=0&fields=created_at ← http://localhost:9000/app/premium-recovery (304) - 43.566 ms
[32mhttp[39m:    GET /admin/stores ← http://localhost:9000/app/premium-recovery (304) - 167.187 ms
[32mhttp[39m:    GET /admin/products?q=&limit=3&fields=id%2Ctitle%2Cthumbnail%2C-type%2C-collection%2C-options%2C-tags%2C-images%2C-variants%2C-sales_channels ← http://localhost:9000/app/premium-recovery (304) - 99.911 ms
[32mhttp[39m:    GET /admin/orders?q=&limit=3&fields=id%2Cdisplay_id%2Cemail ← http://localhost:9000/app/premium-recovery (304) - 239.413 ms
[32mhttp[39m:    GET /admin/product-variants?q=&limit=3&fields=id%2Ctitle%2Csku%2Cproduct_id ← http://localhost:9000/app/premium-recovery (304) - 101.212 ms
[32mhttp[39m:    GET /admin/product-categories?limit=3&fields=id%2Cname ← http://localhost:9000/app/premium-recovery (304) - 106.794 ms
[32mhttp[39m:    GET /admin/collections?q=&limit=3&fields=id%2Ctitle ← http://localhost:9000/app/premium-recovery (304) - 65.845 ms
[32mhttp[39m:    GET /admin/premium-recovery/git-changes ← http://localhost:9000/app/premium-recovery (-) - - ms
[32mhttp[39m:    GET /admin/customers?q=&limit=3&fields=id%2Cemail%2Cfirst_name%2Clast_name ← http://localhost:9000/app/premium-recovery (304) - 100.962 ms
[32mhttp[39m:    GET /admin/inventory-items?q=&limit=3&fields=id%2Ctitle%2Csku ← http://localhost:9000/app/premium-recovery (304) - 102.265 ms
[32mhttp[39m:    GET /admin/customer-groups?q=&limit=3&fields=id%2Cname ← http://localhost:9000/app/premium-recovery (304) - 366.691 ms
[32mhttp[39m:    GET /admin/promotions?q=&limit=3&fields=id%2Ccode%2Cstatus ← http://localhost:9000/app/premium-recovery (304) - 301.727 ms
[32mhttp[39m:    GET /admin/campaigns?q=&limit=3&fields=id%2Cname ← http://localhost:9000/app/premium-recovery (304) - 98.237 ms
[32mhttp[39m:    GET /admin/users?q=&limit=3&fields=id%2Cemail%2Cfirst_name%2Clast_name ← http://localhost:9000/app/premium-recovery (304) - 28.318 ms
[32mhttp[39m:    GET /admin/regions?q=&limit=3&fields=id%2Cname ← http://localhost:9000/app/premium-recovery (304) - 52.436 ms
[32mhttp[39m:    GET /admin/price-lists?q=&limit=3&fields=id%2Ctitle ← http://localhost:9000/app/premium-recovery (304) - 59.866 ms
[32mhttp[39m:    GET /admin/tax-regions?q=&limit=3&fields=id%2Ccountry_code%2Cprovince_code ← http://localhost:9000/app/premium-recovery (304) - 47.702 ms
[32mhttp[39m:    GET /admin/return-reasons?q=&limit=3&fields=id%2Clabel%2Cvalue ← http://localhost:9000/app/premium-recovery (304) - 28.309 ms
[32mhttp[39m:    GET /admin/sales-channels?q=&limit=3&fields=id%2Cname ← http://localhost:9000/app/premium-recovery (304) - 33.906 ms
[32mhttp[39m:    GET /admin/product-types?q=&limit=3&fields=id%2Cvalue ← http://localhost:9000/app/premium-recovery (304) - 34.478 ms
[32mhttp[39m:    GET /admin/product-tags?q=&limit=3&fields=id%2Cvalue ← http://localhost:9000/app/premium-recovery (304) - 35.360 ms
[32mhttp[39m:    GET /admin/stock-locations?q=&limit=3&fields=id%2Cname ← http://localhost:9000/app/premium-recovery (304) - 38.614 ms
[32mhttp[39m:    GET /admin/shipping-profiles?q=&limit=3&fields=id%2Cname ← http://localhost:9000/app/premium-recovery (304) - 43.862 ms
[32mhttp[39m:    GET /admin/api-keys?q=&limit=3&fields=id%2Ctitle%2Credacted&type=publishable ← http://localhost:9000/app/premium-recovery (304) - 44.269 ms
[32mhttp[39m:    GET /admin/premium-recovery/restore-points ← http://localhost:9000/app/premium-recovery (304) - 17.190 ms
[32mhttp[39m:    GET /admin/api-keys?q=&limit=3&fields=id%2Ctitle%2Credacted&type=secret ← http://localhost:9000/app/premium-recovery (304) - 25.003 ms
[32mhttp[39m:    GET /admin/premium-recovery/bundles ← http://localhost:9000/app/premium-recovery (304) - 10.311 ms
[32mhttp[39m:    GET /admin/premium-recovery/git-changes ← http://localhost:9000/app/premium-recovery (200) - 1206.843 ms
[32mhttp[39m:    GET /admin/premium-recovery/status ← http://localhost:9000/app/premium-recovery (304) - 1255.318 ms
[32mhttp[39m:    GET /admin/premium-recovery/status ← http://localhost:9000/app/premium-recovery (304) - 219.189 ms
[32mhttp[39m:    GET /admin/premium-recovery/git-changes ← http://localhost:9000/app/premium-recovery (200) - 227.147 ms
[32mhttp[39m:    POST /admin/premium-recovery/restore-points ← http://localhost:9000/app/premium-recovery (404) - 9.420 ms
[32mhttp[39m:    GET /admin/premium-recovery/git-changes ← http://localhost:9000/app/premium-recovery (304) - 240.435 ms
[32mhttp[39m:    GET /admin/notifications?limit=1&offset=0&fields=created_at ← http://localhost:9000/app/premium-recovery (304) - 22.443 ms
[32mhttp[39m:    GET /admin/notifications?limit=1&offset=0&fields=created_at ← http://localhost:9000/app/premium-recovery (304) - 5.192 ms
[32mhttp[39m:    GET /admin/notifications?limit=1&offset=0&fields=created_at ← http://localhost:9000/app/premium-recovery (304) - 6.308 ms
[32mhttp[39m:    GET /admin/notifications?limit=1&offset=0&fields=created_at ← http://localhost:9000/app/premium-recovery (304) - 20.743 ms
[32mhttp[39m:    GET /admin/notifications?limit=1&offset=0&fields=created_at ← http://localhost:9000/app/premium-recovery (304) - 7.608 ms
[32mhttp[39m:    GET /admin/notifications?limit=1&offset=0&fields=created_at ← http://localhost:9000/app/premium-recovery (304) - 10.146 ms
