
> @dtc/backend@0.0.1 dev
> medusa develop

[32minfo[39m:    redisUrl not found. A fake redis instance will be used.
[32minfo[39m:    Linting project...
[32minfo[39m:    [Watcher] Using standard dev server (restart on file change)
[32minfo[39m:    [Watcher] Watching filesystem to reload dev server on file change
[32minfo[39m:    redisUrl not found. A fake redis instance will be used.
[32minfo[39m:    redisUrl not found. A fake redis instance will be used.
[32minfo[39m:    Skipping instrumentation registration. No register function found.
[32minfo[39m:    redisUrl not found. A fake redis instance will be used.
[32minfo[39m:    No link to load from C:\Users\H.M\my-medusa-store\node_modules\@medusajs\draft-order\.medusa\server\src\links. skipped.
[32minfo[39m:    No link to load from C:\Users\H.M\my-medusa-store\apps\medusa-premium-recovery\.medusa\server\src\links. skipped.
[33mwarn[39m:    Local Event Bus installed. This is not recommended for production.
[32minfo[39m:    Locking module: Using "in-memory" as default.
[32minfo[39m:    No workflow to load from C:\Users\H.M\my-medusa-store\node_modules\@medusajs\draft-order\.medusa\server\src\workflows. skipped.
[32minfo[39m:    No workflow to load from C:\Users\H.M\my-medusa-store\apps\medusa-premium-recovery\.medusa\server\src\workflows. skipped.
[32minfo[39m:    No subscriber to load from C:\Users\H.M\my-medusa-store\node_modules\@medusajs\draft-order\.medusa\server\src\subscribers. skipped.
[32minfo[39m:    No subscriber to load from C:\Users\H.M\my-medusa-store\apps\medusa-premium-recovery\.medusa\server\src\subscribers. skipped.
[32minfo[39m:    No job to load from C:\Users\H.M\my-medusa-store\node_modules\@medusajs\medusa\dist\jobs. skipped.
[32minfo[39m:    No job to load from C:\Users\H.M\my-medusa-store\node_modules\@medusajs\draft-order\.medusa\server\src\jobs. skipped.
[32minfo[39m:    No job to load from C:\Users\H.M\my-medusa-store\apps\medusa-premium-recovery\.medusa\server\src\jobs. skipped.
[32minfo[39m:    Admin URL → http://localhost:9000/app
[32mhttp[39m:    GET /app ← - (200) - 189.263 ms
[32mhttp[39m:    GET /app/premium-recovery ← http://localhost:9000/app/premium-recovery (200) - 19.951 ms
[32mhttp[39m:    GET /app/entry.jsx ← http://localhost:9000/app/premium-recovery (200) - 2.349 ms
[32mhttp[39m:    GET /app/index.css ← http://localhost:9000/app/entry.jsx (200) - 16.710 ms
[32mhttp[39m:    GET /admin/feature-flags ← http://localhost:9000/app/premium-recovery (304) - 24.021 ms
[32mhttp[39m:    GET /admin/users/me ← http://localhost:9000/app/premium-recovery (401) - 8.575 ms
[32mhttp[39m:    GET /admin/users/me ← http://localhost:9000/app/premium-recovery (401) - 2.801 ms
[32mhttp[39m:    GET /cloud/auth ← http://localhost:9000/app/login (304) - 23.460 ms
[32mhttp[39m:    POST /auth/user/emailpass ← http://localhost:9000/app/login (200) - 524.049 ms
[32mhttp[39m:    POST /auth/session ← http://localhost:9000/app/login (200) - 11.970 ms
[32mhttp[39m:    GET /admin/users/me ← http://localhost:9000/app/premium-recovery (304) - 17.466 ms
[32mhttp[39m:    GET /admin/premium-recovery/bundles ← http://localhost:9000/app/premium-recovery (304) - 6.187 ms
[32mhttp[39m:    GET /admin/premium-recovery/restore-points ← http://localhost:9000/app/premium-recovery (304) - 98.824 ms
[32mhttp[39m:    GET /admin/premium-recovery/git-changes ← http://localhost:9000/app/premium-recovery (-) - - ms
[32mhttp[39m:    GET /admin/notifications?limit=1&offset=0&fields=created_at ← http://localhost:9000/app/premium-recovery (304) - 133.231 ms
[32mhttp[39m:    GET /admin/product-variants?q=&limit=3&fields=id%2Ctitle%2Csku%2Cproduct_id ← http://localhost:9000/app/premium-recovery (304) - 114.866 ms
[32mhttp[39m:    GET /admin/orders?q=&limit=3&fields=id%2Cdisplay_id%2Cemail ← http://localhost:9000/app/premium-recovery (304) - 234.250 ms
[32mhttp[39m:    GET /admin/stores ← http://localhost:9000/app/premium-recovery (304) - 325.993 ms
[32mhttp[39m:    GET /admin/product-categories?limit=3&fields=id%2Cname ← http://localhost:9000/app/premium-recovery (304) - 72.489 ms
[32mhttp[39m:    GET /admin/collections?q=&limit=3&fields=id%2Ctitle ← http://localhost:9000/app/premium-recovery (304) - 55.390 ms
[32mhttp[39m:    GET /admin/customers?q=&limit=3&fields=id%2Cemail%2Cfirst_name%2Clast_name ← http://localhost:9000/app/premium-recovery (304) - 42.906 ms
[32mhttp[39m:    GET /admin/customer-groups?q=&limit=3&fields=id%2Cname ← http://localhost:9000/app/premium-recovery (304) - 30.913 ms
[32mhttp[39m:    GET /admin/products?q=&limit=3&fields=id%2Ctitle%2Cthumbnail%2C-type%2C-collection%2C-options%2C-tags%2C-images%2C-variants%2C-sales_channels ← http://localhost:9000/app/premium-recovery (304) - 276.569 ms
[32mhttp[39m:    GET /admin/promotions?q=&limit=3&fields=id%2Ccode%2Cstatus ← http://localhost:9000/app/premium-recovery (304) - 43.594 ms
[32mhttp[39m:    GET /admin/campaigns?q=&limit=3&fields=id%2Cname ← http://localhost:9000/app/premium-recovery (304) - 35.813 ms
[32mhttp[39m:    GET /admin/users?q=&limit=3&fields=id%2Cemail%2Cfirst_name%2Clast_name ← http://localhost:9000/app/premium-recovery (304) - 24.183 ms
[32mhttp[39m:    GET /admin/regions?q=&limit=3&fields=id%2Cname ← http://localhost:9000/app/premium-recovery (304) - 27.582 ms
[32mhttp[39m:    GET /admin/inventory-items?q=&limit=3&fields=id%2Ctitle%2Csku ← http://localhost:9000/app/premium-recovery (304) - 125.215 ms
[32mhttp[39m:    GET /admin/tax-regions?q=&limit=3&fields=id%2Ccountry_code%2Cprovince_code ← http://localhost:9000/app/premium-recovery (304) - 28.872 ms
[32mhttp[39m:    GET /admin/price-lists?q=&limit=3&fields=id%2Ctitle ← http://localhost:9000/app/premium-recovery (304) - 109.706 ms
[32mhttp[39m:    GET /admin/sales-channels?q=&limit=3&fields=id%2Cname ← http://localhost:9000/app/premium-recovery (304) - 23.858 ms
[32mhttp[39m:    GET /admin/product-types?q=&limit=3&fields=id%2Cvalue ← http://localhost:9000/app/premium-recovery (304) - 44.768 ms
[32mhttp[39m:    GET /admin/product-tags?q=&limit=3&fields=id%2Cvalue ← http://localhost:9000/app/premium-recovery (304) - 45.115 ms
[32mhttp[39m:    GET /admin/return-reasons?q=&limit=3&fields=id%2Clabel%2Cvalue ← http://localhost:9000/app/premium-recovery (304) - 101.109 ms
[32mhttp[39m:    GET /admin/api-keys?q=&limit=3&fields=id%2Ctitle%2Credacted&type=secret ← http://localhost:9000/app/premium-recovery (304) - 23.963 ms
[32mhttp[39m:    GET /admin/premium-recovery/bundles ← http://localhost:9000/app/premium-recovery (304) - 2.873 ms
[32mhttp[39m:    GET /admin/stock-locations?q=&limit=3&fields=id%2Cname ← http://localhost:9000/app/premium-recovery (304) - 87.793 ms
[32mhttp[39m:    GET /admin/shipping-profiles?q=&limit=3&fields=id%2Cname ← http://localhost:9000/app/premium-recovery (304) - 82.459 ms
[32mhttp[39m:    GET /admin/api-keys?q=&limit=3&fields=id%2Ctitle%2Credacted&type=publishable ← http://localhost:9000/app/premium-recovery (304) - 70.263 ms
[32mhttp[39m:    GET /admin/premium-recovery/restore-points ← http://localhost:9000/app/premium-recovery (304) - 37.843 ms
[32mhttp[39m:    GET /admin/premium-recovery/status ← http://localhost:9000/app/premium-recovery (200) - 990.375 ms
[32mhttp[39m:    GET /admin/premium-recovery/git-changes ← http://localhost:9000/app/premium-recovery (200) - 999.766 ms
[32mhttp[39m:    GET /admin/premium-recovery/status ← http://localhost:9000/app/premium-recovery (304) - 216.513 ms
[32mhttp[39m:    GET /admin/premium-recovery/git-changes ← http://localhost:9000/app/premium-recovery (200) - 189.306 ms
[32mhttp[39m:    POST /admin/premium-recovery/restore-points ← http://localhost:9000/app/premium-recovery (201) - 100.143 ms
[32mhttp[39m:    GET /admin/premium-recovery/restore-points ← http://localhost:9000/app/premium-recovery (200) - 12.473 ms
[32mhttp[39m:    GET /admin/notifications?limit=1&offset=0&fields=created_at ← http://localhost:9000/app/premium-recovery (304) - 10.791 ms
[32mhttp[39m:    GET /admin/notifications?limit=1&offset=0&fields=created_at ← http://localhost:9000/app/premium-recovery (304) - 7.417 ms
[32mhttp[39m:    GET /admin/notifications?limit=1&offset=0&fields=created_at ← http://localhost:9000/app/premium-recovery (304) - 22.235 ms
[32mhttp[39m:    GET /admin/notifications?limit=1&offset=0&fields=created_at ← http://localhost:9000/app/premium-recovery (304) - 16.299 ms
[32mhttp[39m:    GET /admin/notifications?limit=1&offset=0&fields=created_at ← http://localhost:9000/app/premium-recovery (304) - 19.608 ms
[32mhttp[39m:    GET /admin/notifications?limit=1&offset=0&fields=created_at ← http://localhost:9000/app/premium-recovery (304) - 10.013 ms
[32mhttp[39m:    GET /admin/notifications?limit=1&offset=0&fields=created_at ← http://localhost:9000/app/premium-recovery (304) - 8.347 ms
[32mhttp[39m:    GET /admin/notifications?limit=1&offset=0&fields=created_at ← http://localhost:9000/app/premium-recovery (304) - 16.817 ms
[32mhttp[39m:    GET /admin/notifications?limit=1&offset=0&fields=created_at ← http://localhost:9000/app/premium-recovery (304) - 9.781 ms
[32mhttp[39m:    GET /admin/notifications?limit=1&offset=0&fields=created_at ← http://localhost:9000/app/premium-recovery (304) - 11.162 ms
[32mhttp[39m:    GET /admin/notifications?limit=1&offset=0&fields=created_at ← http://localhost:9000/app/premium-recovery (304) - 19.434 ms
[32mhttp[39m:    GET /admin/notifications?limit=1&offset=0&fields=created_at ← http://localhost:9000/app/premium-recovery (304) - 18.462 ms
[32mhttp[39m:    GET /admin/notifications?limit=1&offset=0&fields=created_at ← http://localhost:9000/app/premium-recovery (304) - 18.436 ms
[32mhttp[39m:    GET /app ← - (200) - 7.196 ms
[32mhttp[39m:    GET /app/entry.jsx?t=1782927504279 ← http://localhost:9000/app/@vite/client (200) - 3.299 ms
[32mhttp[39m:    GET /app/@fs/C:/Users/H.M/my-medusa-store/apps/medusa-premium-recovery/.medusa/server/src/admin/index.mjs?t=1782927504279 ← http://localhost:9000/app/entry.jsx?t=1782927504279 (404) - 3.654 ms
[32mhttp[39m:    GET /app/index.css?t=1782927504279 ← http://localhost:9000/app/@vite/client (200) - 640.642 ms
[32mhttp[39m:    GET /app/premium-recovery ← http://localhost:9000/app/premium-recovery (304) - 37.257 ms
[32mhttp[39m:    GET /app/entry.jsx ← http://localhost:9000/app/premium-recovery (200) - 5.483 ms
[32mhttp[39m:    GET /app/index.css?t=1782927504279 ← http://localhost:9000/app/entry.jsx (304) - 1.528 ms
[32mhttp[39m:    GET /app/@fs/C:/Users/H.M/my-medusa-store/apps/medusa-premium-recovery/.medusa/server/src/admin/index.mjs?t=1782927504279 ← http://localhost:9000/app/entry.jsx (404) - 6.785 ms
[32mhttp[39m:    GET /app ← - (200) - 8.826 ms
