
> @dtc/backend@0.0.1 dev
> medusa develop

[32minfo[39m:    redisUrl not found. A fake redis instance will be used.
[32minfo[39m:    Linting project...
[32minfo[39m:    [Watcher] Using standard dev server (restart on file change)
[32minfo[39m:    [Watcher] Watching filesystem to reload dev server on file change
[32minfo[39m:    redisUrl not found. A fake redis instance will be used.
- Creating server
[32minfo[39m:    redisUrl not found. A fake redis instance will be used.
[32minfo[39m:    Skipping instrumentation registration. No register function found.
[32minfo[39m:    redisUrl not found. A fake redis instance will be used.
[32minfo[39m:    No link to load from C:\Users\H.M\my-medusa-store\node_modules\@medusajs\draft-order\.medusa\server\src\links. skipped.
[32minfo[39m:    No link to load from C:\Users\H.M\my-medusa-store\apps\medusa-premium-recovery\.medusa\server\src\links. skipped.
[33mwarn[39m:    Local Event Bus installed. This is not recommended for production.
[32minfo[39m:    Locking module: Using "in-memory" as default.
[32minfo[39m:    No workflow to load from C:\Users\H.M\my-medusa-store\node_modules\@medusajs\draft-order\.medusa\server\src\workflows. skipped.
[32minfo[39m:    No workflow to load from C:\Users\H.M\my-medusa-store\apps\medusa-premium-recovery\.medusa\server\src\workflows. skipped.
[32minfo[39m:    No subscriber to load from C:\Users\H.M\my-medusa-store\node_modules\@medusajs\draft-order\.medusa\server\src\subscribers. skipped.
[32minfo[39m:    No subscriber to load from C:\Users\H.M\my-medusa-store\apps\medusa-premium-recovery\.medusa\server\src\subscribers. skipped.
[32minfo[39m:    No job to load from C:\Users\H.M\my-medusa-store\node_modules\@medusajs\draft-order\.medusa\server\src\jobs. skipped.
[32minfo[39m:    No job to load from C:\Users\H.M\my-medusa-store\node_modules\@medusajs\medusa\dist\jobs. skipped.
[32minfo[39m:    No job to load from C:\Users\H.M\my-medusa-store\apps\medusa-premium-recovery\.medusa\server\src\jobs. skipped.
√ Server is ready on port: 9000 – 77964ms
[32minfo[39m:    Admin URL → http://localhost:9000/app
[32mhttp[39m:    GET /app/premium-recovery ← http://localhost:9000/app/premium-recovery (200) - 246.695 ms
[32mhttp[39m:    GET /app/entry.jsx ← http://localhost:9000/app/premium-recovery (200) - 4580.957 ms
[32mhttp[39m:    GET /app/index.css ← http://localhost:9000/app/entry.jsx (200) - 9057.449 ms
[32mhttp[39m:    GET /admin/feature-flags ← http://localhost:9000/app/premium-recovery (304) - 22.892 ms
[32mhttp[39m:    GET /admin/users/me ← http://localhost:9000/app/premium-recovery (401) - 27.172 ms
[32mhttp[39m:    GET /admin/users/me ← http://localhost:9000/app/premium-recovery (401) - 3.328 ms
[32mhttp[39m:    GET /cloud/auth ← http://localhost:9000/app/login (304) - 22.484 ms
[32mhttp[39m:    POST /auth/user/emailpass ← http://localhost:9000/app/login (200) - 372.604 ms
[32mhttp[39m:    POST /auth/session ← http://localhost:9000/app/login (200) - 13.287 ms
[32mhttp[39m:    GET /admin/users/me ← http://localhost:9000/app/premium-recovery (304) - 23.102 ms
[32mhttp[39m:    GET /admin/premium-recovery/bundles ← http://localhost:9000/app/premium-recovery (304) - 7.609 ms
[32mhttp[39m:    GET /admin/notifications?limit=1&offset=0&fields=created_at ← http://localhost:9000/app/premium-recovery (304) - 39.994 ms
[32mhttp[39m:    GET /admin/stores ← http://localhost:9000/app/premium-recovery (304) - 111.911 ms
[32mhttp[39m:    GET /admin/premium-recovery/git-changes ← http://localhost:9000/app/premium-recovery (-) - - ms
[32mhttp[39m:    GET /admin/premium-recovery/restore-points ← http://localhost:9000/app/premium-recovery (304) - 306.979 ms
[32mhttp[39m:    GET /admin/orders?q=&limit=3&fields=id%2Cdisplay_id%2Cemail ← http://localhost:9000/app/premium-recovery (304) - 187.439 ms
[32mhttp[39m:    GET /admin/product-variants?q=&limit=3&fields=id%2Ctitle%2Csku%2Cproduct_id ← http://localhost:9000/app/premium-recovery (304) - 109.683 ms
[32mhttp[39m:    GET /admin/products?q=&limit=3&fields=id%2Ctitle%2Cthumbnail%2C-type%2C-collection%2C-options%2C-tags%2C-images%2C-variants%2C-sales_channels ← http://localhost:9000/app/premium-recovery (304) - 167.919 ms
[32mhttp[39m:    GET /admin/product-categories?limit=3&fields=id%2Cname ← http://localhost:9000/app/premium-recovery (304) - 78.584 ms
[32mhttp[39m:    GET /admin/collections?q=&limit=3&fields=id%2Ctitle ← http://localhost:9000/app/premium-recovery (304) - 104.212 ms
[32mhttp[39m:    GET /admin/customers?q=&limit=3&fields=id%2Cemail%2Cfirst_name%2Clast_name ← http://localhost:9000/app/premium-recovery (304) - 49.697 ms
[32mhttp[39m:    GET /admin/customer-groups?q=&limit=3&fields=id%2Cname ← http://localhost:9000/app/premium-recovery (304) - 41.370 ms
[32mhttp[39m:    GET /admin/inventory-items?q=&limit=3&fields=id%2Ctitle%2Csku ← http://localhost:9000/app/premium-recovery (304) - 70.754 ms
[32mhttp[39m:    GET /admin/promotions?q=&limit=3&fields=id%2Ccode%2Cstatus ← http://localhost:9000/app/premium-recovery (304) - 40.416 ms
[32mhttp[39m:    GET /admin/campaigns?q=&limit=3&fields=id%2Cname ← http://localhost:9000/app/premium-recovery (304) - 72.244 ms
[32mhttp[39m:    GET /admin/price-lists?q=&limit=3&fields=id%2Ctitle ← http://localhost:9000/app/premium-recovery (304) - 76.776 ms
[32mhttp[39m:    GET /admin/users?q=&limit=3&fields=id%2Cemail%2Cfirst_name%2Clast_name ← http://localhost:9000/app/premium-recovery (304) - 44.925 ms
[32mhttp[39m:    GET /admin/regions?q=&limit=3&fields=id%2Cname ← http://localhost:9000/app/premium-recovery (304) - 47.813 ms
[32mhttp[39m:    GET /admin/tax-regions?q=&limit=3&fields=id%2Ccountry_code%2Cprovince_code ← http://localhost:9000/app/premium-recovery (304) - 44.667 ms
[32mhttp[39m:    GET /admin/return-reasons?q=&limit=3&fields=id%2Clabel%2Cvalue ← http://localhost:9000/app/premium-recovery (304) - 43.262 ms
[32mhttp[39m:    GET /admin/sales-channels?q=&limit=3&fields=id%2Cname ← http://localhost:9000/app/premium-recovery (304) - 43.733 ms
[32mhttp[39m:    GET /admin/product-types?q=&limit=3&fields=id%2Cvalue ← http://localhost:9000/app/premium-recovery (304) - 57.433 ms
[32mhttp[39m:    GET /admin/stock-locations?q=&limit=3&fields=id%2Cname ← http://localhost:9000/app/premium-recovery (304) - 39.509 ms
[32mhttp[39m:    GET /admin/shipping-profiles?q=&limit=3&fields=id%2Cname ← http://localhost:9000/app/premium-recovery (304) - 56.402 ms
[32mhttp[39m:    GET /admin/api-keys?q=&limit=3&fields=id%2Ctitle%2Credacted&type=publishable ← http://localhost:9000/app/premium-recovery (304) - 43.881 ms
[32mhttp[39m:    GET /admin/product-tags?q=&limit=3&fields=id%2Cvalue ← http://localhost:9000/app/premium-recovery (304) - 95.513 ms
[32mhttp[39m:    GET /admin/premium-recovery/bundles ← http://localhost:9000/app/premium-recovery (304) - 5.961 ms
[32mhttp[39m:    GET /admin/api-keys?q=&limit=3&fields=id%2Ctitle%2Credacted&type=secret ← http://localhost:9000/app/premium-recovery (304) - 29.448 ms
[32mhttp[39m:    GET /admin/premium-recovery/restore-points ← http://localhost:9000/app/premium-recovery (304) - 19.590 ms
[32mhttp[39m:    GET /admin/premium-recovery/git-changes ← http://localhost:9000/app/premium-recovery (200) - 976.596 ms
[32mhttp[39m:    GET /admin/premium-recovery/status ← http://localhost:9000/app/premium-recovery (200) - 1026.085 ms
[32mhttp[39m:    GET /admin/premium-recovery/status ← http://localhost:9000/app/premium-recovery (304) - 202.351 ms
[32mhttp[39m:    GET /admin/premium-recovery/git-changes ← http://localhost:9000/app/premium-recovery (200) - 205.531 ms
[32mhttp[39m:    GET /admin/notifications?limit=1&offset=0&fields=created_at ← http://localhost:9000/app/premium-recovery (304) - 17.486 ms
[32mhttp[39m:    POST /admin/premium-recovery/restore-points ← http://localhost:9000/app/premium-recovery (201) - 102.990 ms
[32mhttp[39m:    GET /admin/premium-recovery/restore-points ← http://localhost:9000/app/premium-recovery (200) - 8.988 ms
[32mhttp[39m:    GET /admin/notifications?limit=1&offset=0&fields=created_at ← http://localhost:9000/app/premium-recovery (304) - 20.153 ms
[32mhttp[39m:    GET /admin/notifications?limit=1&offset=0&fields=created_at ← http://localhost:9000/app/premium-recovery (304) - 17.456 ms
[32mhttp[39m:    GET /admin/notifications?limit=1&offset=0&fields=created_at ← http://localhost:9000/app/premium-recovery (304) - 12.233 ms
[32mhttp[39m:    GET /admin/notifications?limit=1&offset=0&fields=created_at ← http://localhost:9000/app/premium-recovery (304) - 16.901 ms
[32mhttp[39m:    GET /admin/notifications?limit=1&offset=0&fields=created_at ← http://localhost:9000/app/premium-recovery (304) - 7.572 ms
[32mhttp[39m:    GET /admin/notifications?limit=1&offset=0&fields=created_at ← http://localhost:9000/app/premium-recovery (304) - 5.821 ms
[32mhttp[39m:    GET /admin/notifications?limit=1&offset=0&fields=created_at ← http://localhost:9000/app/premium-recovery (304) - 16.656 ms
[32mhttp[39m:    GET /admin/notifications?limit=1&offset=0&fields=created_at ← http://localhost:9000/app/premium-recovery (304) - 25.142 ms
[32mhttp[39m:    GET /admin/notifications?limit=1&offset=0&fields=created_at ← http://localhost:9000/app/premium-recovery (304) - 18.348 ms
[32mhttp[39m:    GET /admin/notifications?limit=1&offset=0&fields=created_at ← http://localhost:9000/app/premium-recovery (304) - 6.088 ms
[32mhttp[39m:    GET /admin/notifications?limit=1&offset=0&fields=created_at ← http://localhost:9000/app/premium-recovery (304) - 6.994 ms
[32mhttp[39m:    GET /admin/notifications?limit=1&offset=0&fields=created_at ← http://localhost:9000/app/premium-recovery (304) - 11.354 ms
[32mhttp[39m:    GET /admin/notifications?limit=1&offset=0&fields=created_at ← http://localhost:9000/app/premium-recovery (304) - 23.776 ms
[32mhttp[39m:    GET /admin/notifications?limit=1&offset=0&fields=created_at ← http://localhost:9000/app/premium-recovery (304) - 12.257 ms
[2m5:03:28 PM[22m [31m[1m[vite][22m[39m Pre-transform error: Failed to load url /@fs/C:/Users/H.M/my-medusa-store/apps/medusa-premium-recovery/.medusa/server/src/admin/index.mjs (resolved id: C:/Users/H.M/my-medusa-store/apps/medusa-premium-recovery/.medusa/server/src/admin/index.mjs) in C:/Users/H.M/my-medusa-store/apps/backend/.medusa/client/entry.jsx. Does the file exist?
[32mhttp[39m:    GET /app/entry.jsx?t=1782912808865 ← http://localhost:9000/app/@vite/client (200) - 2.491 ms
[32mhttp[39m:    GET /app/@fs/C:/Users/H.M/my-medusa-store/apps/medusa-premium-recovery/.medusa/server/src/admin/index.mjs?t=1782912808865 ← http://localhost:9000/app/entry.jsx?t=1782912808865 (404) - 8.992 ms
[32mhttp[39m:    GET /app/index.css?t=1782912808865 ← http://localhost:9000/app/@vite/client (200) - 623.301 ms
[32mhttp[39m:    GET /app/index.css?t=1782912808871 ← http://localhost:9000/app/entry.jsx?t=1782912808865 (200) - 619.766 ms
[32mhttp[39m:    GET /app/premium-recovery ← http://localhost:9000/app/premium-recovery (304) - 15.890 ms
[32mhttp[39m:    GET /app/entry.jsx ← http://localhost:9000/app/premium-recovery (200) - 1.975 ms
[32mhttp[39m:    GET /app/index.css?t=1782912808871 ← http://localhost:9000/app/entry.jsx (304) - 1.482 ms
[32mhttp[39m:    GET /app/@fs/C:/Users/H.M/my-medusa-store/apps/medusa-premium-recovery/.medusa/server/src/admin/index.mjs?t=1782912808865 ← http://localhost:9000/app/entry.jsx (404) - 30.878 ms
