
> @dtc/backend@0.0.1 dev
> medusa develop

[32minfo[39m:    redisUrl not found. A fake redis instance will be used.
[32minfo[39m:    Linting project...
[32minfo[39m:    [Watcher] Using standard dev server (restart on file change)
[32minfo[39m:    [Watcher] Watching filesystem to reload dev server on file change
[32minfo[39m:    redisUrl not found. A fake redis instance will be used.
- Creating server
[32minfo[39m:    redisUrl not found. A fake redis instance will be used.
[32minfo[39m:    Skipping instrumentation registration. No register function found.
[32minfo[39m:    redisUrl not found. A fake redis instance will be used.
[32minfo[39m:    No link to load from C:\Users\H.M\my-medusa-store\apps\medusa-premium-recovery\.medusa\server\src\links. skipped.
[32minfo[39m:    No link to load from C:\Users\H.M\my-medusa-store\node_modules\@medusajs\draft-order\.medusa\server\src\links. skipped.
[32minfo[39m:    [Watcher] modified backend-restart.log modified: restarting dev server
[32minfo[39m:    [Watcher] Reloaded in 621.50ms
[32minfo[39m:    redisUrl not found. A fake redis instance will be used.
- Creating server
[32minfo[39m:    redisUrl not found. A fake redis instance will be used.
[32minfo[39m:    Skipping instrumentation registration. No register function found.
[32minfo[39m:    redisUrl not found. A fake redis instance will be used.
[32minfo[39m:    No link to load from C:\Users\H.M\my-medusa-store\node_modules\@medusajs\draft-order\.medusa\server\src\links. skipped.
[32minfo[39m:    No link to load from C:\Users\H.M\my-medusa-store\apps\medusa-premium-recovery\.medusa\server\src\links. skipped.
[33mwarn[39m:    Local Event Bus installed. This is not recommended for production.
[32minfo[39m:    Locking module: Using "in-memory" as default.
[32minfo[39m:    No workflow to load from C:\Users\H.M\my-medusa-store\node_modules\@medusajs\draft-order\.medusa\server\src\workflows. skipped.
[32minfo[39m:    No workflow to load from C:\Users\H.M\my-medusa-store\apps\medusa-premium-recovery\.medusa\server\src\workflows. skipped.
[32minfo[39m:    No subscriber to load from C:\Users\H.M\my-medusa-store\node_modules\@medusajs\draft-order\.medusa\server\src\subscribers. skipped.
[32minfo[39m:    No subscriber to load from C:\Users\H.M\my-medusa-store\apps\medusa-premium-recovery\.medusa\server\src\subscribers. skipped.
[32minfo[39m:    No job to load from C:\Users\H.M\my-medusa-store\node_modules\@medusajs\medusa\dist\jobs. skipped.
[32minfo[39m:    No job to load from C:\Users\H.M\my-medusa-store\node_modules\@medusajs\draft-order\.medusa\server\src\jobs. skipped.
[32minfo[39m:    No job to load from C:\Users\H.M\my-medusa-store\apps\medusa-premium-recovery\.medusa\server\src\jobs. skipped.
[32minfo[39m:    [Watcher] modified backend-restart.log modified: restarting dev server
[32minfo[39m:    [Watcher] Reloaded in 355.68ms
[32minfo[39m:    [Watcher] modified backend-restart.log modified: restarting dev server
[32minfo[39m:    [Watcher] Reloaded in 245.67ms
[32minfo[39m:    [Watcher] modified backend-restart.log modified: restarting dev server
[32minfo[39m:    [Watcher] Reloaded in 209.02ms
[32minfo[39m:    [Watcher] modified backend-restart.log modified: restarting dev server
[32minfo[39m:    [Watcher] Reloaded in 158.38ms
[32minfo[39m:    [Watcher] modified backend-restart.log modified: restarting dev server
[32minfo[39m:    [Watcher] Reloaded in 158.95ms
[32minfo[39m:    redisUrl not found. A fake redis instance will be used.
- Creating server
[32minfo[39m:    redisUrl not found. A fake redis instance will be used.
[32minfo[39m:    Skipping instrumentation registration. No register function found.
[32minfo[39m:    redisUrl not found. A fake redis instance will be used.
[32minfo[39m:    No link to load from C:\Users\H.M\my-medusa-store\apps\medusa-premium-recovery\.medusa\server\src\links. skipped.
[32minfo[39m:    No link to load from C:\Users\H.M\my-medusa-store\node_modules\@medusajs\draft-order\.medusa\server\src\links. skipped.
npm error Lifecycle script `dev` failed with error:
npm error code 4294967295
npm error path C:\Users\H.M\my-medusa-store\apps\backend
npm error workspace @dtc/backend@0.0.1
npm error location C:\Users\H.M\my-medusa-store\apps\backend
npm error command failed
npm error command C:\Windows\system32\cmd.exe /d /s /c medusa develop
